#
# A fatal error has been detected by the Java Runtime Environment:
#
#  EXCEPTION_ACCESS_VIOLATION (0xc0000005) at pc=0x464b4600, pid=8256, tid=0x00001c4c
#
# JRE version: Java(TM) SE Runtime Environment (8.0_131-b11) (build 1.8.0_131-b11)
# Java VM: Java HotSpot(TM) Client VM (25.131-b11 mixed mode windows-x86 )
# Problematic frame:
# C  0x464b4600
#
# Failed to write core dump. Minidumps are not enabled by default on client versions of Windows
#
# If you would like to submit a bug report, please visit:
#   http://bugreport.java.com/bugreport/crash.jsp
# The crash happened outside the Java Virtual Machine in native code.
# See problematic frame for where to report the bug.
#

---------------  T H R E A D  ---------------

Current thread (0x46589000):  JavaThread "Daemon worker" [_thread_in_native, id=7244, stack(0x47130000,0x47180000)]

siginfo: ExceptionCode=0xc0000005, ExceptionInformation=0x00000008 0x464b4600

Registers:
EAX=0x000004c4, EBX=0x46589140, ECX=0x00000000, EDX=0x454013fc
ESP=0x4717d458, EBP=0x4717d488, ESI=0x4717d4a8, EDI=0x4a19b268
EIP=0x464b4600, EFLAGS=0x00010212

Top of Stack: (sp=0x4717d458)
0x4717d458:   4717d534 00000000 59ad8e1c 59ad8efc
0x4717d468:   4a139070 00000000 00000002 464e2fbc
0x4717d478:   4bbf0830 4bbf0830 4717d4b4 4717d4c0
0x4717d488:   4717d4e8 6396743d 464b46b0 464e2bc8
0x4717d498:   464e2bd0 464e2fbc 000003ec 02a7bd43
0x4717d4a8:   00000000 00000000 00000000 4717d4dc
0x4717d4b8:   59880d00 46589000 00000006 00000008
0x4717d4c8:   46589000 4bbf0828 4bbf0830 4bbf0830 

Instructions: (pc=0x464b4600)
0x464b45e0:   6d 6f 6e 65 00 00 00 00 ba e9 b8 52 00 2d 01 88
0x464b45f0:   10 00 05 00 38 55 e8 21 69 73 49 6e 49 6e 69 74
0x464b4600:   69 61 6c 53 74 61 74 65 c6 e9 bc 52 00 2e 01 88
0x464b4610:   09 00 06 00 7d 6e 36 6f 6c 6f 63 6b 53 74 61 74 


Register to memory mapping:

EAX=0x000004c4 is an unknown value
EBX=0x46589140 is an unknown value
ECX=0x00000000 is an unknown value
EDX=0x454013fc is an unknown value
ESP=0x4717d458 is pointing into the stack for thread: 0x46589000
EBP=0x4717d488 is pointing into the stack for thread: 0x46589000
ESI=0x4717d4a8 is pointing into the stack for thread: 0x46589000
EDI=0x4a19b268 is an unknown value


Stack: [0x47130000,0x47180000],  sp=0x4717d458,  free space=309k
Native frames: (J=compiled Java code, j=interpreted, Vv=VM code, C=native code)
C  0x464b4600
C  [libaapt2_jni.dll+0x2743d]
j  com.android.tools.aapt2.Aapt2Jni.nativeLink(Ljava/util/List;Lcom/android/tools/aapt2/Aapt2JniLogCallback;)I+0
j  com.android.tools.aapt2.Aapt2Jni.link(Ljava/util/List;)Lcom/android/tools/aapt2/Aapt2Result;+6
j  com.android.builder.internal.aapt.v2.AaptV2Jni.makeValidatedPackage(Lcom/android/builder/internal/aapt/AaptPackageConfig;)Lcom/google/common/util/concurrent/ListenableFuture;+41
j  com.android.builder.internal.aapt.AbstractAapt.link(Lcom/android/builder/internal/aapt/AaptPackageConfig;)Lcom/google/common/util/concurrent/ListenableFuture;+7
j  com.android.builder.core.AndroidBuilder.processResources(Lcom/android/builder/internal/aapt/Aapt;Lcom/android/builder/internal/aapt/AaptPackageConfig$Builder;)V+57
j  com.android.build.gradle.tasks.ProcessAndroidResources.invokeAaptForSplit(Ljava/util/Collection;Ljava/util/Set;Ljava/util/Set;Lcom/android/build/gradle/internal/scope/SplitList;Ljava/util/Set;Lcom/android/ide/common/build/ApkData;ZLcom/android/builder/internal/aapt/Aapt;)V+672
j  com.android.build.gradle.tasks.ProcessAndroidResources.doFullTaskAction()V+336
j  com.android.build.gradle.internal.tasks.IncrementalTask.taskAction(Lorg/gradle/api/tasks/incremental/IncrementalTaskInputs;)V+33
v  ~StubRoutines::call_stub
V  [jvm.dll+0x15af45]
V  [jvm.dll+0x2213ae]
V  [jvm.dll+0x15afde]
V  [jvm.dll+0x167758]
V  [jvm.dll+0x1679c3]
V  [jvm.dll+0x104093]
C  [java.dll+0x3b26]
J 2903 C1 sun.reflect.NativeMethodAccessorImpl.invoke(Ljava/lang/Object;[Ljava/lang/Object;)Ljava/lang/Object; (104 bytes) @ 0x02fc9564 [0x02fc92c0+0x2a4]
J 474 C1 sun.reflect.DelegatingMethodAccessorImpl.invoke(Ljava/lang/Object;[Ljava/lang/Object;)Ljava/lang/Object; (10 bytes) @ 0x02b68a80 [0x02b68a50+0x30]
J 473 C1 java.lang.reflect.Method.invoke(Ljava/lang/Object;[Ljava/lang/Object;)Ljava/lang/Object; (62 bytes) @ 0x02b68794 [0x02b686c0+0xd4]
j  org.gradle.internal.reflect.JavaMethod.invoke(Ljava/lang/Object;[Ljava/lang/Object;)Ljava/lang/Object;+6
j  org.gradle.api.internal.project.taskfactory.DefaultTaskClassInfoStore$IncrementalTaskAction.doExecute(Lorg/gradle/api/Task;Ljava/lang/String;)V+35
j  org.gradle.api.internal.project.taskfactory.DefaultTaskClassInfoStore$StandardTaskAction.execute(Lorg/gradle/api/Task;)V+32
j  org.gradle.api.internal.project.taskfactory.DefaultTaskClassInfoStore$StandardTaskAction.execute(Ljava/lang/Object;)V+5
j  org.gradle.api.internal.tasks.execution.ExecuteActionsTaskExecuter$1.run(Lorg/gradle/internal/operations/BuildOperationContext;)V+23
j  org.gradle.internal.progress.DefaultBuildOperationExecutor$RunnableBuildOperationWorker.execute(Lorg/gradle/internal/operations/RunnableBuildOperation;Lorg/gradle/internal/operations/BuildOperationContext;)V+2
j  org.gradle.internal.progress.DefaultBuildOperationExecutor$RunnableBuildOperationWorker.execute(Lorg/gradle/internal/operations/BuildOperation;Lorg/gradle/internal/operations/BuildOperationContext;)V+6
j  org.gradle.internal.progress.DefaultBuildOperationExecutor.execute(Lorg/gradle/internal/operations/BuildOperation;Lorg/gradle/internal/operations/BuildOperationWorker;Lorg/gradle/internal/progress/DefaultBuildOperationExecutor$DefaultBuildOperationState;)V+177
j  org.gradle.internal.progress.DefaultBuildOperationExecutor.run(Lorg/gradle/internal/operations/RunnableBuildOperation;)V+20
j  org.gradle.api.internal.tasks.execution.ExecuteActionsTaskExecuter.executeAction(Ljava/lang/String;Lorg/gradle/api/internal/TaskInternal;Lorg/gradle/api/internal/tasks/ContextAwareTaskAction;Lorg/gradle/api/internal/tasks/TaskExecutionContext;)V+23
j  org.gradle.api.internal.tasks.execution.ExecuteActionsTaskExecuter.executeActions(Lorg/gradle/api/internal/TaskInternal;Lorg/gradle/api/internal/tasks/TaskStateInternal;Lorg/gradle/api/internal/tasks/TaskExecutionContext;)Lorg/gradle/api/GradleException;+131
j  org.gradle.api.internal.tasks.execution.ExecuteActionsTaskExecuter.execute(Lorg/gradle/api/internal/TaskInternal;Lorg/gradle/api/internal/tasks/TaskStateInternal;Lorg/gradle/api/internal/tasks/TaskExecutionContext;)V+42
j  org.gradle.api.internal.tasks.execution.SkipUpToDateTaskExecuter.execute(Lorg/gradle/api/internal/TaskInternal;Lorg/gradle/api/internal/tasks/TaskStateInternal;Lorg/gradle/api/internal/tasks/TaskExecutionContext;)V+124
j  org.gradle.api.internal.tasks.execution.ResolveTaskOutputCachingStateExecuter.execute(Lorg/gradle/api/internal/TaskInternal;Lorg/gradle/api/internal/tasks/TaskStateInternal;Lorg/gradle/api/internal/tasks/TaskExecutionContext;)V+96
j  org.gradle.api.internal.tasks.execution.ValidatingTaskExecuter.execute(Lorg/gradle/api/internal/TaskInternal;Lorg/gradle/api/internal/tasks/TaskStateInternal;Lorg/gradle/api/internal/tasks/TaskExecutionContext;)V+215
j  org.gradle.api.internal.tasks.execution.SkipEmptySourceFilesTaskExecuter.execute(Lorg/gradle/api/internal/TaskInternal;Lorg/gradle/api/internal/tasks/TaskStateInternal;Lorg/gradle/api/internal/tasks/TaskExecutionContext;)V+335
j  org.gradle.api.internal.tasks.execution.ResolveTaskArtifactStateTaskExecuter.execute(Lorg/gradle/api/internal/TaskInternal;Lorg/gradle/api/internal/tasks/TaskStateInternal;Lorg/gradle/api/internal/tasks/TaskExecutionContext;)V+72
j  org.gradle.api.internal.tasks.execution.SkipTaskWithNoActionsExecuter.execute(Lorg/gradle/api/internal/TaskInternal;Lorg/gradle/api/internal/tasks/TaskStateInternal;Lorg/gradle/api/internal/tasks/TaskExecutionContext;)V+124
j  org.gradle.api.internal.tasks.execution.SkipOnlyIfTaskExecuter.execute(Lorg/gradle/api/internal/TaskInternal;Lorg/gradle/api/internal/tasks/TaskStateInternal;Lorg/gradle/api/internal/tasks/TaskExecutionContext;)V+85
j  org.gradle.api.internal.tasks.execution.ExecuteAtMostOnceTaskExecuter.execute(Lorg/gradle/api/internal/TaskInternal;Lorg/gradle/api/internal/tasks/TaskStateInternal;Lorg/gradle/api/internal/tasks/TaskExecutionContext;)V+26
j  org.gradle.api.internal.tasks.execution.CatchExceptionTaskExecuter.execute(Lorg/gradle/api/internal/TaskInternal;Lorg/gradle/api/internal/tasks/TaskStateInternal;Lorg/gradle/api/internal/tasks/TaskExecutionContext;)V+7
j  org.gradle.execution.taskgraph.DefaultTaskGraphExecuter$EventFiringTaskWorker$1.run(Lorg/gradle/internal/operations/BuildOperationContext;)V+56
j  org.gradle.internal.progress.DefaultBuildOperationExecutor$RunnableBuildOperationWorker.execute(Lorg/gradle/internal/operations/RunnableBuildOperation;Lorg/gradle/internal/operations/BuildOperationContext;)V+2
j  org.gradle.internal.progress.DefaultBuildOperationExecutor$RunnableBuildOperationWorker.execute(Lorg/gradle/internal/operations/BuildOperation;Lorg/gradle/internal/operations/BuildOperationContext;)V+6
j  org.gradle.internal.progress.DefaultBuildOperationExecutor.execute(Lorg/gradle/internal/operations/BuildOperation;Lorg/gradle/internal/operations/BuildOperationWorker;Lorg/gradle/internal/progress/DefaultBuildOperationExecutor$DefaultBuildOperationState;)V+177
j  org.gradle.internal.progress.DefaultBuildOperationExecutor.run(Lorg/gradle/internal/operations/RunnableBuildOperation;)V+20
j  org.gradle.execution.taskgraph.DefaultTaskGraphExecuter$EventFiringTaskWorker.execute(Lorg/gradle/api/internal/TaskInternal;)V+16
j  org.gradle.execution.taskgraph.DefaultTaskGraphExecuter$EventFiringTaskWorker.execute(Ljava/lang/Object;)V+5
j  org.gradle.execution.taskgraph.DefaultTaskPlanExecutor$TaskExecutorWorker.processTask(Lorg/gradle/execution/taskgraph/TaskInfo;)V+8
j  org.gradle.execution.taskgraph.DefaultTaskPlanExecutor$TaskExecutorWorker.access$200(Lorg/gradle/execution/taskgraph/DefaultTaskPlanExecutor$TaskExecutorWorker;Lorg/gradle/execution/taskgraph/TaskInfo;)V+2
j  org.gradle.execution.taskgraph.DefaultTaskPlanExecutor$TaskExecutorWorker$1.execute(Lorg/gradle/execution/taskgraph/TaskInfo;)V+38
j  org.gradle.execution.taskgraph.DefaultTaskPlanExecutor$TaskExecutorWorker$1.execute(Ljava/lang/Object;)V+5
j  org.gradle.execution.taskgraph.DefaultTaskExecutionPlan.execute(Lorg/gradle/execution/taskgraph/TaskInfo;Lorg/gradle/internal/work/WorkerLeaseRegistry$WorkerLease;Lorg/gradle/api/Action;)V+14
j  org.gradle.execution.taskgraph.DefaultTaskExecutionPlan.executeWithTask(Lorg/gradle/internal/work/WorkerLeaseRegistry$WorkerLease;Lorg/gradle/api/Action;)Z+53
j  org.gradle.execution.taskgraph.DefaultTaskPlanExecutor$TaskExecutorWorker.run()V+52
j  org.gradle.execution.taskgraph.DefaultTaskPlanExecutor.process(Lorg/gradle/execution/taskgraph/TaskExecutionPlan;Lorg/gradle/api/Action;)V+67
j  org.gradle.execution.taskgraph.DefaultTaskGraphExecuter.execute()V+61
j  org.gradle.execution.SelectedTaskExecutionAction.execute(Lorg/gradle/execution/BuildExecutionContext;)V+55
j  org.gradle.execution.DefaultBuildExecuter.execute(Lorg/gradle/api/internal/GradleInternal;I)V+37
j  org.gradle.execution.DefaultBuildExecuter.access$000(Lorg/gradle/execution/DefaultBuildExecuter;Lorg/gradle/api/internal/GradleInternal;I)V+3
j  org.gradle.execution.DefaultBuildExecuter$1.proceed()V+14
j  org.gradle.execution.DryRunBuildExecutionAction.execute(Lorg/gradle/execution/BuildExecutionContext;)V+121
j  org.gradle.execution.DefaultBuildExecuter.execute(Lorg/gradle/api/internal/GradleInternal;I)V+37
j  org.gradle.execution.DefaultBuildExecuter.execute(Lorg/gradle/api/internal/GradleInternal;)V+3
j  org.gradle.initialization.DefaultGradleLauncher$ExecuteTasks.run(Lorg/gradle/internal/operations/BuildOperationContext;)V+55
j  org.gradle.internal.progress.DefaultBuildOperationExecutor$RunnableBuildOperationWorker.execute(Lorg/gradle/internal/operations/RunnableBuildOperation;Lorg/gradle/internal/operations/BuildOperationContext;)V+2
j  org.gradle.internal.progress.DefaultBuildOperationExecutor$RunnableBuildOperationWorker.execute(Lorg/gradle/internal/operations/BuildOperation;Lorg/gradle/internal/operations/BuildOperationContext;)V+6
j  org.gradle.internal.progress.DefaultBuildOperationExecutor.execute(Lorg/gradle/internal/operations/BuildOperation;Lorg/gradle/internal/operations/BuildOperationWorker;Lorg/gradle/internal/progress/DefaultBuildOperationExecutor$DefaultBuildOperationState;)V+177
j  org.gradle.internal.progress.DefaultBuildOperationExecutor.run(Lorg/gradle/internal/operations/RunnableBuildOperation;)V+20
j  org.gradle.initialization.DefaultGradleLauncher.runTasks()V+53
j  org.gradle.initialization.DefaultGradleLauncher.doBuildStages(Lorg/gradle/initialization/DefaultGradleLauncher$Stage;)V+37
j  org.gradle.initialization.DefaultGradleLauncher.executeTasks()Lorg/gradle/api/internal/GradleInternal;+4
j  org.gradle.internal.invocation.GradleBuildController$1.call()Lorg/gradle/api/internal/GradleInternal;+7
j  org.gradle.internal.invocation.GradleBuildController$1.call()Ljava/lang/Object;+1
j  org.gradle.internal.work.DefaultWorkerLeaseService.withLocks(Ljava/lang/Iterable;Ljava/util/concurrent/Callable;)Ljava/lang/Object;+15
j  org.gradle.internal.invocation.GradleBuildController.doBuild(Ljava/util/concurrent/Callable;)Lorg/gradle/api/internal/GradleInternal;+52
j  org.gradle.internal.invocation.GradleBuildController.run()Lorg/gradle/api/internal/GradleInternal;+9
j  org.gradle.tooling.internal.provider.runner.BuildModelActionRunner.run(Lorg/gradle/internal/invocation/BuildAction;Lorg/gradle/internal/invocation/BuildController;)V+66
j  org.gradle.launcher.exec.ChainingBuildActionRunner.run(Lorg/gradle/internal/invocation/BuildAction;Lorg/gradle/internal/invocation/BuildController;)V+34
j  org.gradle.launcher.exec.ChainingBuildActionRunner.run(Lorg/gradle/internal/invocation/BuildAction;Lorg/gradle/internal/invocation/BuildController;)V+34
j  org.gradle.tooling.internal.provider.ValidatingBuildActionRunner.run(Lorg/gradle/internal/invocation/BuildAction;Lorg/gradle/internal/invocation/BuildController;)V+6
j  org.gradle.launcher.exec.RunAsBuildOperationBuildActionRunner$1.run(Lorg/gradle/internal/operations/BuildOperationContext;)V+15
j  org.gradle.internal.progress.DefaultBuildOperationExecutor$RunnableBuildOperationWorker.execute(Lorg/gradle/internal/operations/RunnableBuildOperation;Lorg/gradle/internal/operations/BuildOperationContext;)V+2
j  org.gradle.internal.progress.DefaultBuildOperationExecutor$RunnableBuildOperationWorker.execute(Lorg/gradle/internal/operations/BuildOperation;Lorg/gradle/internal/operations/BuildOperationContext;)V+6
j  org.gradle.internal.progress.DefaultBuildOperationExecutor.execute(Lorg/gradle/internal/operations/BuildOperation;Lorg/gradle/internal/operations/BuildOperationWorker;Lorg/gradle/internal/progress/DefaultBuildOperationExecutor$DefaultBuildOperationState;)V+177
j  org.gradle.internal.progress.DefaultBuildOperationExecutor.run(Lorg/gradle/internal/operations/RunnableBuildOperation;)V+20
j  org.gradle.launcher.exec.RunAsBuildOperationBuildActionRunner.run(Lorg/gradle/internal/invocation/BuildAction;Lorg/gradle/internal/invocation/BuildController;)V+34
j  org.gradle.tooling.internal.provider.SubscribableBuildActionRunner.run(Lorg/gradle/internal/invocation/BuildAction;Lorg/gradle/internal/invocation/BuildController;)V+40
j  org.gradle.launcher.exec.InProcessBuildActionExecuter.execute(Lorg/gradle/internal/invocation/BuildAction;Lorg/gradle/initialization/BuildRequestContext;Lorg/gradle/launcher/exec/BuildActionParameters;Lorg/gradle/internal/service/ServiceRegistry;)Ljava/lang/Object;+71
j  org.gradle.launcher.exec.InProcessBuildActionExecuter.execute(Lorg/gradle/internal/invocation/BuildAction;Lorg/gradle/initialization/BuildRequestContext;Ljava/lang/Object;Lorg/gradle/internal/service/ServiceRegistry;)Ljava/lang/Object;+9
j  org.gradle.launcher.exec.BuildTreeScopeBuildActionExecuter.execute(Lorg/gradle/internal/invocation/BuildAction;Lorg/gradle/initialization/BuildRequestContext;Lorg/gradle/launcher/exec/BuildActionParameters;Lorg/gradle/internal/service/ServiceRegistry;)Ljava/lang/Object;+41
j  org.gradle.launcher.exec.BuildTreeScopeBuildActionExecuter.execute(Lorg/gradle/internal/invocation/BuildAction;Lorg/gradle/initialization/BuildRequestContext;Ljava/lang/Object;Lorg/gradle/internal/service/ServiceRegistry;)Ljava/lang/Object;+9
j  org.gradle.tooling.internal.provider.ContinuousBuildActionExecuter.execute(Lorg/gradle/internal/invocation/BuildAction;Lorg/gradle/initialization/BuildRequestContext;Lorg/gradle/launcher/exec/BuildActionParameters;Lorg/gradle/internal/service/ServiceRegistry;)Ljava/lang/Object;+28
j  org.gradle.tooling.internal.provider.ContinuousBuildActionExecuter.execute(Lorg/gradle/internal/invocation/BuildAction;Lorg/gradle/initialization/BuildRequestContext;Ljava/lang/Object;Lorg/gradle/internal/service/ServiceRegistry;)Ljava/lang/Object;+9
j  org.gradle.tooling.internal.provider.ServicesSetupBuildActionExecuter.execute(Lorg/gradle/internal/invocation/BuildAction;Lorg/gradle/initialization/BuildRequestContext;Lorg/gradle/launcher/exec/BuildActionParameters;Lorg/gradle/internal/service/ServiceRegistry;)Ljava/lang/Object;+85
j  org.gradle.tooling.internal.provider.ServicesSetupBuildActionExecuter.execute(Lorg/gradle/internal/invocation/BuildAction;Lorg/gradle/initialization/BuildRequestContext;Ljava/lang/Object;Lorg/gradle/internal/service/ServiceRegistry;)Ljava/lang/Object;+9
j  org.gradle.tooling.internal.provider.GradleThreadBuildActionExecuter.execute(Lorg/gradle/internal/invocation/BuildAction;Lorg/gradle/initialization/BuildRequestContext;Lorg/gradle/launcher/exec/BuildActionParameters;Lorg/gradle/internal/service/ServiceRegistry;)Ljava/lang/Object;+12
j  org.gradle.tooling.internal.provider.GradleThreadBuildActionExecuter.execute(Lorg/gradle/internal/invocation/BuildAction;Lorg/gradle/initialization/BuildRequestContext;Ljava/lang/Object;Lorg/gradle/internal/service/ServiceRegistry;)Ljava/lang/Object;+9
j  org.gradle.tooling.internal.provider.ParallelismConfigurationBuildActionExecuter.execute(Lorg/gradle/internal/invocation/BuildAction;Lorg/gradle/initialization/BuildRequestContext;Lorg/gradle/launcher/exec/BuildActionParameters;Lorg/gradle/internal/service/ServiceRegistry;)Ljava/lang/Object;+43
...<more frames>...

Java frames: (J=compiled Java code, j=interpreted, Vv=VM code)
j  com.android.tools.aapt2.Aapt2Jni.nativeLink(Ljava/util/List;Lcom/android/tools/aapt2/Aapt2JniLogCallback;)I+0
j  com.android.tools.aapt2.Aapt2Jni.link(Ljava/util/List;)Lcom/android/tools/aapt2/Aapt2Result;+6
j  com.android.builder.internal.aapt.v2.AaptV2Jni.makeValidatedPackage(Lcom/android/builder/internal/aapt/AaptPackageConfig;)Lcom/google/common/util/concurrent/ListenableFuture;+41
j  com.android.builder.internal.aapt.AbstractAapt.link(Lcom/android/builder/internal/aapt/AaptPackageConfig;)Lcom/google/common/util/concurrent/ListenableFuture;+7
j  com.android.builder.core.AndroidBuilder.processResources(Lcom/android/builder/internal/aapt/Aapt;Lcom/android/builder/internal/aapt/AaptPackageConfig$Builder;)V+57
j  com.android.build.gradle.tasks.ProcessAndroidResources.invokeAaptForSplit(Ljava/util/Collection;Ljava/util/Set;Ljava/util/Set;Lcom/android/build/gradle/internal/scope/SplitList;Ljava/util/Set;Lcom/android/ide/common/build/ApkData;ZLcom/android/builder/internal/aapt/Aapt;)V+672
j  com.android.build.gradle.tasks.ProcessAndroidResources.doFullTaskAction()V+336
j  com.android.build.gradle.internal.tasks.IncrementalTask.taskAction(Lorg/gradle/api/tasks/incremental/IncrementalTaskInputs;)V+33
v  ~StubRoutines::call_stub
J 2904  sun.reflect.NativeMethodAccessorImpl.invoke0(Ljava/lang/reflect/Method;Ljava/lang/Object;[Ljava/lang/Object;)Ljava/lang/Object; (0 bytes) @ 0x02fc8d1d [0x02fc8ca0+0x7d]
J 2903 C1 sun.reflect.NativeMethodAccessorImpl.invoke(Ljava/lang/Object;[Ljava/lang/Object;)Ljava/lang/Object; (104 bytes) @ 0x02fc9564 [0x02fc92c0+0x2a4]
J 474 C1 sun.reflect.DelegatingMethodAccessorImpl.invoke(Ljava/lang/Object;[Ljava/lang/Object;)Ljava/lang/Object; (10 bytes) @ 0x02b68a80 [0x02b68a50+0x30]
J 473 C1 java.lang.reflect.Method.invoke(Ljava/lang/Object;[Ljava/lang/Object;)Ljava/lang/Object; (62 bytes) @ 0x02b68794 [0x02b686c0+0xd4]
j  org.gradle.internal.reflect.JavaMethod.invoke(Ljava/lang/Object;[Ljava/lang/Object;)Ljava/lang/Object;+6
j  org.gradle.api.internal.project.taskfactory.DefaultTaskClassInfoStore$IncrementalTaskAction.doExecute(Lorg/gradle/api/Task;Ljava/lang/String;)V+35
j  org.gradle.api.internal.project.taskfactory.DefaultTaskClassInfoStore$StandardTaskAction.execute(Lorg/gradle/api/Task;)V+32
j  org.gradle.api.internal.project.taskfactory.DefaultTaskClassInfoStore$StandardTaskAction.execute(Ljava/lang/Object;)V+5
j  org.gradle.api.internal.tasks.execution.ExecuteActionsTaskExecuter$1.run(Lorg/gradle/internal/operations/BuildOperationContext;)V+23
j  org.gradle.internal.progress.DefaultBuildOperationExecutor$RunnableBuildOperationWorker.execute(Lorg/gradle/internal/operations/RunnableBuildOperation;Lorg/gradle/internal/operations/BuildOperationContext;)V+2
j  org.gradle.internal.progress.DefaultBuildOperationExecutor$RunnableBuildOperationWorker.execute(Lorg/gradle/internal/operations/BuildOperation;Lorg/gradle/internal/operations/BuildOperationContext;)V+6
j  org.gradle.internal.progress.DefaultBuildOperationExecutor.execute(Lorg/gradle/internal/operations/BuildOperation;Lorg/gradle/internal/operations/BuildOperationWorker;Lorg/gradle/internal/progress/DefaultBuildOperationExecutor$DefaultBuildOperationState;)V+177
j  org.gradle.internal.progress.DefaultBuildOperationExecutor.run(Lorg/gradle/internal/operations/RunnableBuildOperation;)V+20
j  org.gradle.api.internal.tasks.execution.ExecuteActionsTaskExecuter.executeAction(Ljava/lang/String;Lorg/gradle/api/internal/TaskInternal;Lorg/gradle/api/internal/tasks/ContextAwareTaskAction;Lorg/gradle/api/internal/tasks/TaskExecutionContext;)V+23
j  org.gradle.api.internal.tasks.execution.ExecuteActionsTaskExecuter.executeActions(Lorg/gradle/api/internal/TaskInternal;Lorg/gradle/api/internal/tasks/TaskStateInternal;Lorg/gradle/api/internal/tasks/TaskExecutionContext;)Lorg/gradle/api/GradleException;+131
j  org.gradle.api.internal.tasks.execution.ExecuteActionsTaskExecuter.execute(Lorg/gradle/api/internal/TaskInternal;Lorg/gradle/api/internal/tasks/TaskStateInternal;Lorg/gradle/api/internal/tasks/TaskExecutionContext;)V+42
j  org.gradle.api.internal.tasks.execution.SkipUpToDateTaskExecuter.execute(Lorg/gradle/api/internal/TaskInternal;Lorg/gradle/api/internal/tasks/TaskStateInternal;Lorg/gradle/api/internal/tasks/TaskExecutionContext;)V+124
j  org.gradle.api.internal.tasks.execution.ResolveTaskOutputCachingStateExecuter.execute(Lorg/gradle/api/internal/TaskInternal;Lorg/gradle/api/internal/tasks/TaskStateInternal;Lorg/gradle/api/internal/tasks/TaskExecutionContext;)V+96
j  org.gradle.api.internal.tasks.execution.ValidatingTaskExecuter.execute(Lorg/gradle/api/internal/TaskInternal;Lorg/gradle/api/internal/tasks/TaskStateInternal;Lorg/gradle/api/internal/tasks/TaskExecutionContext;)V+215
j  org.gradle.api.internal.tasks.execution.SkipEmptySourceFilesTaskExecuter.execute(Lorg/gradle/api/internal/TaskInternal;Lorg/gradle/api/internal/tasks/TaskStateInternal;Lorg/gradle/api/internal/tasks/TaskExecutionContext;)V+335
j  org.gradle.api.internal.tasks.execution.ResolveTaskArtifactStateTaskExecuter.execute(Lorg/gradle/api/internal/TaskInternal;Lorg/gradle/api/internal/tasks/TaskStateInternal;Lorg/gradle/api/internal/tasks/TaskExecutionContext;)V+72
j  org.gradle.api.internal.tasks.execution.SkipTaskWithNoActionsExecuter.execute(Lorg/gradle/api/internal/TaskInternal;Lorg/gradle/api/internal/tasks/TaskStateInternal;Lorg/gradle/api/internal/tasks/TaskExecutionContext;)V+124
j  org.gradle.api.internal.tasks.execution.SkipOnlyIfTaskExecuter.execute(Lorg/gradle/api/internal/TaskInternal;Lorg/gradle/api/internal/tasks/TaskStateInternal;Lorg/gradle/api/internal/tasks/TaskExecutionContext;)V+85
j  org.gradle.api.internal.tasks.execution.ExecuteAtMostOnceTaskExecuter.execute(Lorg/gradle/api/internal/TaskInternal;Lorg/gradle/api/internal/tasks/TaskStateInternal;Lorg/gradle/api/internal/tasks/TaskExecutionContext;)V+26
j  org.gradle.api.internal.tasks.execution.CatchExceptionTaskExecuter.execute(Lorg/gradle/api/internal/TaskInternal;Lorg/gradle/api/internal/tasks/TaskStateInternal;Lorg/gradle/api/internal/tasks/TaskExecutionContext;)V+7
j  org.gradle.execution.taskgraph.DefaultTaskGraphExecuter$EventFiringTaskWorker$1.run(Lorg/gradle/internal/operations/BuildOperationContext;)V+56
j  org.gradle.internal.progress.DefaultBuildOperationExecutor$RunnableBuildOperationWorker.execute(Lorg/gradle/internal/operations/RunnableBuildOperation;Lorg/gradle/internal/operations/BuildOperationContext;)V+2
j  org.gradle.internal.progress.DefaultBuildOperationExecutor$RunnableBuildOperationWorker.execute(Lorg/gradle/internal/operations/BuildOperation;Lorg/gradle/internal/operations/BuildOperationContext;)V+6
j  org.gradle.internal.progress.DefaultBuildOperationExecutor.execute(Lorg/gradle/internal/operations/BuildOperation;Lorg/gradle/internal/operations/BuildOperationWorker;Lorg/gradle/internal/progress/DefaultBuildOperationExecutor$DefaultBuildOperationState;)V+177
j  org.gradle.internal.progress.DefaultBuildOperationExecutor.run(Lorg/gradle/internal/operations/RunnableBuildOperation;)V+20
j  org.gradle.execution.taskgraph.DefaultTaskGraphExecuter$EventFiringTaskWorker.execute(Lorg/gradle/api/internal/TaskInternal;)V+16
j  org.gradle.execution.taskgraph.DefaultTaskGraphExecuter$EventFiringTaskWorker.execute(Ljava/lang/Object;)V+5
j  org.gradle.execution.taskgraph.DefaultTaskPlanExecutor$TaskExecutorWorker.processTask(Lorg/gradle/execution/taskgraph/TaskInfo;)V+8
j  org.gradle.execution.taskgraph.DefaultTaskPlanExecutor$TaskExecutorWorker.access$200(Lorg/gradle/execution/taskgraph/DefaultTaskPlanExecutor$TaskExecutorWorker;Lorg/gradle/execution/taskgraph/TaskInfo;)V+2
j  org.gradle.execution.taskgraph.DefaultTaskPlanExecutor$TaskExecutorWorker$1.execute(Lorg/gradle/execution/taskgraph/TaskInfo;)V+38
j  org.gradle.execution.taskgraph.DefaultTaskPlanExecutor$TaskExecutorWorker$1.execute(Ljava/lang/Object;)V+5
j  org.gradle.execution.taskgraph.DefaultTaskExecutionPlan.execute(Lorg/gradle/execution/taskgraph/TaskInfo;Lorg/gradle/internal/work/WorkerLeaseRegistry$WorkerLease;Lorg/gradle/api/Action;)V+14
j  org.gradle.execution.taskgraph.DefaultTaskExecutionPlan.executeWithTask(Lorg/gradle/internal/work/WorkerLeaseRegistry$WorkerLease;Lorg/gradle/api/Action;)Z+53
j  org.gradle.execution.taskgraph.DefaultTaskPlanExecutor$TaskExecutorWorker.run()V+52
j  org.gradle.execution.taskgraph.DefaultTaskPlanExecutor.process(Lorg/gradle/execution/taskgraph/TaskExecutionPlan;Lorg/gradle/api/Action;)V+67
j  org.gradle.execution.taskgraph.DefaultTaskGraphExecuter.execute()V+61
j  org.gradle.execution.SelectedTaskExecutionAction.execute(Lorg/gradle/execution/BuildExecutionContext;)V+55
j  org.gradle.execution.DefaultBuildExecuter.execute(Lorg/gradle/api/internal/GradleInternal;I)V+37
j  org.gradle.execution.DefaultBuildExecuter.access$000(Lorg/gradle/execution/DefaultBuildExecuter;Lorg/gradle/api/internal/GradleInternal;I)V+3
j  org.gradle.execution.DefaultBuildExecuter$1.proceed()V+14
j  org.gradle.execution.DryRunBuildExecutionAction.execute(Lorg/gradle/execution/BuildExecutionContext;)V+121
j  org.gradle.execution.DefaultBuildExecuter.execute(Lorg/gradle/api/internal/GradleInternal;I)V+37
j  org.gradle.execution.DefaultBuildExecuter.execute(Lorg/gradle/api/internal/GradleInternal;)V+3
j  org.gradle.initialization.DefaultGradleLauncher$ExecuteTasks.run(Lorg/gradle/internal/operations/BuildOperationContext;)V+55
j  org.gradle.internal.progress.DefaultBuildOperationExecutor$RunnableBuildOperationWorker.execute(Lorg/gradle/internal/operations/RunnableBuildOperation;Lorg/gradle/internal/operations/BuildOperationContext;)V+2
j  org.gradle.internal.progress.DefaultBuildOperationExecutor$RunnableBuildOperationWorker.execute(Lorg/gradle/internal/operations/BuildOperation;Lorg/gradle/internal/operations/BuildOperationContext;)V+6
j  org.gradle.internal.progress.DefaultBuildOperationExecutor.execute(Lorg/gradle/internal/operations/BuildOperation;Lorg/gradle/internal/operations/BuildOperationWorker;Lorg/gradle/internal/progress/DefaultBuildOperationExecutor$DefaultBuildOperationState;)V+177
j  org.gradle.internal.progress.DefaultBuildOperationExecutor.run(Lorg/gradle/internal/operations/RunnableBuildOperation;)V+20
j  org.gradle.initialization.DefaultGradleLauncher.runTasks()V+53
j  org.gradle.initialization.DefaultGradleLauncher.doBuildStages(Lorg/gradle/initialization/DefaultGradleLauncher$Stage;)V+37
j  org.gradle.initialization.DefaultGradleLauncher.executeTasks()Lorg/gradle/api/internal/GradleInternal;+4
j  org.gradle.internal.invocation.GradleBuildController$1.call()Lorg/gradle/api/internal/GradleInternal;+7
j  org.gradle.internal.invocation.GradleBuildController$1.call()Ljava/lang/Object;+1
j  org.gradle.internal.work.DefaultWorkerLeaseService.withLocks(Ljava/lang/Iterable;Ljava/util/concurrent/Callable;)Ljava/lang/Object;+15
j  org.gradle.internal.invocation.GradleBuildController.doBuild(Ljava/util/concurrent/Callable;)Lorg/gradle/api/internal/GradleInternal;+52
j  org.gradle.internal.invocation.GradleBuildController.run()Lorg/gradle/api/internal/GradleInternal;+9
j  org.gradle.tooling.internal.provider.runner.BuildModelActionRunner.run(Lorg/gradle/internal/invocation/BuildAction;Lorg/gradle/internal/invocation/BuildController;)V+66
j  org.gradle.launcher.exec.ChainingBuildActionRunner.run(Lorg/gradle/internal/invocation/BuildAction;Lorg/gradle/internal/invocation/BuildController;)V+34
j  org.gradle.launcher.exec.ChainingBuildActionRunner.run(Lorg/gradle/internal/invocation/BuildAction;Lorg/gradle/internal/invocation/BuildController;)V+34
j  org.gradle.tooling.internal.provider.ValidatingBuildActionRunner.run(Lorg/gradle/internal/invocation/BuildAction;Lorg/gradle/internal/invocation/BuildController;)V+6
j  org.gradle.launcher.exec.RunAsBuildOperationBuildActionRunner$1.run(Lorg/gradle/internal/operations/BuildOperationContext;)V+15
j  org.gradle.internal.progress.DefaultBuildOperationExecutor$RunnableBuildOperationWorker.execute(Lorg/gradle/internal/operations/RunnableBuildOperation;Lorg/gradle/internal/operations/BuildOperationContext;)V+2
j  org.gradle.internal.progress.DefaultBuildOperationExecutor$RunnableBuildOperationWorker.execute(Lorg/gradle/internal/operations/BuildOperation;Lorg/gradle/internal/operations/BuildOperationContext;)V+6
j  org.gradle.internal.progress.DefaultBuildOperationExecutor.execute(Lorg/gradle/internal/operations/BuildOperation;Lorg/gradle/internal/operations/BuildOperationWorker;Lorg/gradle/internal/progress/DefaultBuildOperationExecutor$DefaultBuildOperationState;)V+177
j  org.gradle.internal.progress.DefaultBuildOperationExecutor.run(Lorg/gradle/internal/operations/RunnableBuildOperation;)V+20
j  org.gradle.launcher.exec.RunAsBuildOperationBuildActionRunner.run(Lorg/gradle/internal/invocation/BuildAction;Lorg/gradle/internal/invocation/BuildController;)V+34
j  org.gradle.tooling.internal.provider.SubscribableBuildActionRunner.run(Lorg/gradle/internal/invocation/BuildAction;Lorg/gradle/internal/invocation/BuildController;)V+40
j  org.gradle.launcher.exec.InProcessBuildActionExecuter.execute(Lorg/gradle/internal/invocation/BuildAction;Lorg/gradle/initialization/BuildRequestContext;Lorg/gradle/launcher/exec/BuildActionParameters;Lorg/gradle/internal/service/ServiceRegistry;)Ljava/lang/Object;+71
j  org.gradle.launcher.exec.InProcessBuildActionExecuter.execute(Lorg/gradle/internal/invocation/BuildAction;Lorg/gradle/initialization/BuildRequestContext;Ljava/lang/Object;Lorg/gradle/internal/service/ServiceRegistry;)Ljava/lang/Object;+9
j  org.gradle.launcher.exec.BuildTreeScopeBuildActionExecuter.execute(Lorg/gradle/internal/invocation/BuildAction;Lorg/gradle/initialization/BuildRequestContext;Lorg/gradle/launcher/exec/BuildActionParameters;Lorg/gradle/internal/service/ServiceRegistry;)Ljava/lang/Object;+41
j  org.gradle.launcher.exec.BuildTreeScopeBuildActionExecuter.execute(Lorg/gradle/internal/invocation/BuildAction;Lorg/gradle/initialization/BuildRequestContext;Ljava/lang/Object;Lorg/gradle/internal/service/ServiceRegistry;)Ljava/lang/Object;+9
j  org.gradle.tooling.internal.provider.ContinuousBuildActionExecuter.execute(Lorg/gradle/internal/invocation/BuildAction;Lorg/gradle/initialization/BuildRequestContext;Lorg/gradle/launcher/exec/BuildActionParameters;Lorg/gradle/internal/service/ServiceRegistry;)Ljava/lang/Object;+28
j  org.gradle.tooling.internal.provider.ContinuousBuildActionExecuter.execute(Lorg/gradle/internal/invocation/BuildAction;Lorg/gradle/initialization/BuildRequestContext;Ljava/lang/Object;Lorg/gradle/internal/service/ServiceRegistry;)Ljava/lang/Object;+9
j  org.gradle.tooling.internal.provider.ServicesSetupBuildActionExecuter.execute(Lorg/gradle/internal/invocation/BuildAction;Lorg/gradle/initialization/BuildRequestContext;Lorg/gradle/launcher/exec/BuildActionParameters;Lorg/gradle/internal/service/ServiceRegistry;)Ljava/lang/Object;+85
j  org.gradle.tooling.internal.provider.ServicesSetupBuildActionExecuter.execute(Lorg/gradle/internal/invocation/BuildAction;Lorg/gradle/initialization/BuildRequestContext;Ljava/lang/Object;Lorg/gradle/internal/service/ServiceRegistry;)Ljava/lang/Object;+9
j  org.gradle.tooling.internal.provider.GradleThreadBuildActionExecuter.execute(Lorg/gradle/internal/invocation/BuildAction;Lorg/gradle/initialization/BuildRequestContext;Lorg/gradle/launcher/exec/BuildActionParameters;Lorg/gradle/internal/service/ServiceRegistry;)Ljava/lang/Object;+12
j  org.gradle.tooling.internal.provider.GradleThreadBuildActionExecuter.execute(Lorg/gradle/internal/invocation/BuildAction;Lorg/gradle/initialization/BuildRequestContext;Ljava/lang/Object;Lorg/gradle/internal/service/ServiceRegistry;)Ljava/lang/Object;+9
j  org.gradle.tooling.internal.provider.ParallelismConfigurationBuildActionExecuter.execute(Lorg/gradle/internal/invocation/BuildAction;Lorg/gradle/initialization/BuildRequestContext;Lorg/gradle/launcher/exec/BuildActionParameters;Lorg/gradle/internal/service/ServiceRegistry;)Ljava/lang/Object;+43
j  org.gradle.tooling.internal.provider.ParallelismConfigurationBuildActionExecuter.execute(Lorg/gradle/internal/invocation/BuildAction;Lorg/gradle/initialization/BuildRequestContext;Ljava/lang/Object;Lorg/gradle/internal/service/ServiceRegistry;)Ljava/lang/Object;+9
j  org.gradle.tooling.internal.provider.StartParamsValidatingActionExecuter.execute(Lorg/gradle/internal/invocation/BuildAction;Lorg/gradle/initialization/BuildRequestContext;Lorg/gradle/launcher/exec/BuildActionParameters;Lorg/gradle/internal/service/ServiceRegistry;)Ljava/lang/Object;+257
j  org.gradle.tooling.internal.provider.StartParamsValidatingActionExecuter.execute(Lorg/gradle/internal/invocation/BuildAction;Lorg/gradle/initialization/BuildRequestContext;Ljava/lang/Object;Lorg/gradle/internal/service/ServiceRegistry;)Ljava/lang/Object;+9
j  org.gradle.tooling.internal.provider.SessionFailureReportingActionExecuter.execute(Lorg/gradle/internal/invocation/BuildAction;Lorg/gradle/initialization/BuildRequestContext;Lorg/gradle/launcher/exec/BuildActionParameters;Lorg/gradle/internal/service/ServiceRegistry;)Ljava/lang/Object;+9
j  org.gradle.tooling.internal.provider.SessionFailureReportingActionExecuter.execute(Lorg/gradle/internal/invocation/BuildAction;Lorg/gradle/initialization/BuildRequestContext;Ljava/lang/Object;Lorg/gradle/internal/service/ServiceRegistry;)Ljava/lang/Object;+9
j  org.gradle.tooling.internal.provider.SetupLoggingActionExecuter.execute(Lorg/gradle/internal/invocation/BuildAction;Lorg/gradle/initialization/BuildRequestContext;Lorg/gradle/launcher/exec/BuildActionParameters;Lorg/gradle/internal/service/ServiceRegistry;)Ljava/lang/Object;+69
j  org.gradle.tooling.internal.provider.SetupLoggingActionExecuter.execute(Lorg/gradle/internal/invocation/BuildAction;Lorg/gradle/initialization/BuildRequestContext;Ljava/lang/Object;Lorg/gradle/internal/service/ServiceRegistry;)Ljava/lang/Object;+9
j  org.gradle.launcher.daemon.server.exec.ExecuteBuild.doBuild(Lorg/gradle/launcher/daemon/server/api/DaemonCommandExecution;Lorg/gradle/launcher/daemon/protocol/Build;)V+114
j  org.gradle.launcher.daemon.server.exec.BuildCommandOnly.execute(Lorg/gradle/launcher/daemon/server/api/DaemonCommandExecution;)V+49
j  org.gradle.launcher.daemon.server.api.DaemonCommandExecution.proceed()Z+28
j  org.gradle.launcher.daemon.server.exec.WatchForDisconnection.execute(Lorg/gradle/launcher/daemon/server/api/DaemonCommandExecution;)V+19
j  org.gradle.launcher.daemon.server.api.DaemonCommandExecution.proceed()Z+28
j  org.gradle.launcher.daemon.server.exec.ResetDeprecationLogger.execute(Lorg/gradle/launcher/daemon/server/api/DaemonCommandExecution;)V+4
j  org.gradle.launcher.daemon.server.api.DaemonCommandExecution.proceed()Z+28
j  org.gradle.launcher.daemon.server.exec.RequestStopIfSingleUsedDaemon.execute(Lorg/gradle/launcher/daemon/server/api/DaemonCommandExecution;)V+33
j  org.gradle.launcher.daemon.server.api.DaemonCommandExecution.proceed()Z+28
j  org.gradle.launcher.daemon.server.exec.ForwardClientInput$2.call()Ljava/lang/Void;+4
j  org.gradle.launcher.daemon.server.exec.ForwardClientInput$2.call()Ljava/lang/Object;+1
j  org.gradle.util.Swapper.swap(Ljava/lang/Object;Ljava/util/concurrent/Callable;)Ljava/lang/Object;+21
j  org.gradle.launcher.daemon.server.exec.ForwardClientInput.execute(Lorg/gradle/launcher/daemon/server/api/DaemonCommandExecution;)V+63
j  org.gradle.launcher.daemon.server.api.DaemonCommandExecution.proceed()Z+28
j  org.gradle.launcher.daemon.server.exec.LogAndCheckHealth.execute(Lorg/gradle/launcher/daemon/server/api/DaemonCommandExecution;)V+28
j  org.gradle.launcher.daemon.server.api.DaemonCommandExecution.proceed()Z+28
j  org.gradle.launcher.daemon.server.exec.LogToClient.doBuild(Lorg/gradle/launcher/daemon/server/api/DaemonCommandExecution;Lorg/gradle/launcher/daemon/protocol/Build;)V+87
j  org.gradle.launcher.daemon.server.exec.BuildCommandOnly.execute(Lorg/gradle/launcher/daemon/server/api/DaemonCommandExecution;)V+49
j  org.gradle.launcher.daemon.server.api.DaemonCommandExecution.proceed()Z+28
j  org.gradle.launcher.daemon.server.exec.EstablishBuildEnvironment.doBuild(Lorg/gradle/launcher/daemon/server/api/DaemonCommandExecution;Lorg/gradle/launcher/daemon/protocol/Build;)V+365
j  org.gradle.launcher.daemon.server.exec.BuildCommandOnly.execute(Lorg/gradle/launcher/daemon/server/api/DaemonCommandExecution;)V+49
j  org.gradle.launcher.daemon.server.api.DaemonCommandExecution.proceed()Z+28
j  org.gradle.launcher.daemon.server.exec.StartBuildOrRespondWithBusy$1.run()V+44
j  org.gradle.launcher.daemon.server.DaemonStateCoordinator$1.run()V+4
j  org.gradle.internal.concurrent.ExecutorPolicy$CatchAndRecordFailures.onExecute(Ljava/lang/Runnable;)V+1
j  org.gradle.internal.concurrent.ManagedExecutorImpl$1.run()V+25
j  java.util.concurrent.ThreadPoolExecutor.runWorker(Ljava/util/concurrent/ThreadPoolExecutor$Worker;)V+95
j  java.util.concurrent.ThreadPoolExecutor$Worker.run()V+5
j  org.gradle.internal.concurrent.ThreadFactoryImpl$ManagedThreadRunnable.run()V+7
j  java.lang.Thread.run()V+11
v  ~StubRoutines::call_stub

---------------  P R O C E S S  ---------------

Java Threads: ( => current thread )
  0x4744a000 JavaThread "Task worker for ':' Thread 7" [_thread_blocked, id=8340, stack(0x4bae0000,0x4bb30000)]
  0x47449c00 JavaThread "Task worker for ':' Thread 6" [_thread_blocked, id=13344, stack(0x4ba50000,0x4baa0000)]
  0x47447c00 JavaThread "Task worker for ':' Thread 5" [_thread_blocked, id=7352, stack(0x4b9c0000,0x4ba10000)]
  0x47c6cc00 JavaThread "Task worker for ':' Thread 4" [_thread_blocked, id=7948, stack(0x4b930000,0x4b980000)]
  0x47c6d000 JavaThread "Task worker for ':' Thread 3" [_thread_blocked, id=7268, stack(0x4b8a0000,0x4b8f0000)]
  0x47c6c400 JavaThread "Task worker for ':' Thread 2" [_thread_blocked, id=13552, stack(0x4b810000,0x4b860000)]
  0x47c6c000 JavaThread "Task worker for ':'" [_thread_blocked, id=10528, stack(0x4b780000,0x4b7d0000)]
  0x47c6b800 JavaThread "Cache worker for task history cache (C:\Users\MSI\Dropbox\Projekte\My Apps\TodoList\.gradle\4.1\taskHistory)" [_thread_blocked, id=940, stack(0x4b6f0000,0x4b740000)]
  0x47c6b000 JavaThread "build operations Thread 8" [_thread_blocked, id=14076, stack(0x49500000,0x49550000)]
  0x47c69800 JavaThread "build operations Thread 7" [_thread_blocked, id=10220, stack(0x49470000,0x494c0000)]
  0x47c6ac00 JavaThread "build operations Thread 6" [_thread_blocked, id=13384, stack(0x493e0000,0x49430000)]
  0x47c6f800 JavaThread "build operations Thread 5" [_thread_blocked, id=11132, stack(0x49350000,0x493a0000)]
  0x47c6a400 JavaThread "build operations Thread 4" [_thread_blocked, id=2312, stack(0x492c0000,0x49310000)]
  0x47c6d800 JavaThread "build operations Thread 3" [_thread_blocked, id=11004, stack(0x49230000,0x49280000)]
  0x47c68000 JavaThread "build operations Thread 2" [_thread_blocked, id=13372, stack(0x491a0000,0x491f0000)]
  0x47c6f000 JavaThread "build operations" [_thread_blocked, id=7132, stack(0x49110000,0x49160000)]
  0x47c6e400 JavaThread "Cache worker for Artifact transforms cache (C:\Users\MSI\.gradle\caches\transforms-1)" [_thread_blocked, id=10788, stack(0x48c80000,0x48cd0000)]
  0x47c68400 JavaThread "Cache worker for file hash cache (C:\Users\MSI\Dropbox\Projekte\My Apps\TodoList\.gradle\4.1\fileHashes)" [_thread_blocked, id=6692, stack(0x485d0000,0x48620000)]
  0x47c69400 JavaThread "Stdin handler" [_thread_blocked, id=11536, stack(0x47250000,0x472a0000)]
  0x47c68c00 JavaThread "Asynchronous log dispatcher for DefaultDaemonConnection: socket connection from /127.0.0.1:58020 to /127.0.0.1:58033" [_thread_blocked, id=11140, stack(0x471c0000,0x47210000)]
  0x47c6ec00 JavaThread "Cancel handler" [_thread_blocked, id=11012, stack(0x470a0000,0x470f0000)]
  0x47c6dc00 JavaThread "Handler for socket connection from /127.0.0.1:58020 to /127.0.0.1:58033" [_thread_in_native, id=1560, stack(0x47010000,0x47060000)]
  0x47c6a000 JavaThread "Memory manager" [_thread_blocked, id=9616, stack(0x49990000,0x499e0000)]
  0x47448800 JavaThread "File lock request listener" [_thread_in_native, id=13932, stack(0x48540000,0x48590000)]
  0x47447800 JavaThread "Cache worker for file hash cache (C:\Users\MSI\.gradle\caches\4.1\fileHashes)" [_thread_blocked, id=13684, stack(0x484b0000,0x48500000)]
=>0x46589000 JavaThread "Daemon worker" [_thread_in_native, id=7244, stack(0x47130000,0x47180000)]
  0x464f9000 JavaThread "Daemon" [_thread_blocked, id=12968, stack(0x46f80000,0x46fd0000)]
  0x464d4c00 JavaThread "Daemon periodic checks" [_thread_blocked, id=6572, stack(0x46ef0000,0x46f40000)]
  0x464cac00 JavaThread "Incoming local TCP Connector on port 58020" [_thread_in_native, id=8696, stack(0x46c50000,0x46ca0000)]
  0x4649ec00 JavaThread "Daemon health stats" [_thread_blocked, id=3688, stack(0x46840000,0x46890000)]
  0x45400000 JavaThread "Service Thread" daemon [_thread_blocked, id=1136, stack(0x45920000,0x45970000)]
  0x4540a800 JavaThread "C1 CompilerThread0" daemon [_thread_blocked, id=13164, stack(0x45890000,0x458e0000)]
  0x45409800 JavaThread "Attach Listener" daemon [_thread_blocked, id=9528, stack(0x45800000,0x45850000)]
  0x45407800 JavaThread "Signal Dispatcher" daemon [_thread_blocked, id=10428, stack(0x45770000,0x457c0000)]
  0x453e9800 JavaThread "Finalizer" daemon [_thread_blocked, id=660, stack(0x455d0000,0x45620000)]
  0x02a2e800 JavaThread "Reference Handler" daemon [_thread_blocked, id=10720, stack(0x04b40000,0x04b90000)]
  0x0292c400 JavaThread "main" [_thread_blocked, id=8844, stack(0x02880000,0x028d0000)]

Other Threads:
  0x02a2d400 VMThread [stack: 0x04ab0000,0x04b00000] [id=11948]
  0x45405400 WatcherThread [stack: 0x459b0000,0x45a00000] [id=2304]

VM state:not at safepoint (normal execution)

VM Mutex/Monitor currently owned by a thread: None

Heap:
 def new generation   total 31104K, used 12253K [0x04c00000, 0x06dc0000, 0x1a150000)
  eden space 27648K,  35% used [0x04c00000, 0x055b66f0, 0x06700000)
  from space 3456K,  66% used [0x06a60000, 0x06ca0e50, 0x06dc0000)
  to   space 3456K,   0% used [0x06700000, 0x06700000, 0x06a60000)
 tenured generation   total 68956K, used 45297K [0x1a150000, 0x1e4a7000, 0x44c00000)
   the space 68956K,  65% used [0x1a150000, 0x1cd8c420, 0x1cd8c600, 0x1e4a7000)
 Metaspace       used 36827K, capacity 38109K, committed 38144K, reserved 38272K

Card table byte_map: [0x44c00000,0x44e10000] byte_map_base: 0x44bda000

Polling page: 0x01140000

CodeCache: size=32768Kb used=7364Kb max_used=7368Kb free=25403Kb
 bounds [0x02a30000, 0x03168000, 0x04a30000]
 total_blobs=4517 nmethods=4053 adapters=392
 compilation: enabled

Compilation events (10 events):
Event: 21.145 Thread 0x4540a800 4472             com.google.common.collect.ObjectArrays::checkElementsNotNull (23 bytes)
Event: 21.146 Thread 0x4540a800 nmethod 4472 0x02b77108 code [0x02b77240, 0x02b774e0]
Event: 21.146 Thread 0x4540a800 4473             com.google.common.collect.ObjectArrays::checkElementNotNull (33 bytes)
Event: 21.146 Thread 0x4540a800 nmethod 4473 0x02b76bc8 code [0x02b76d00, 0x02b76f60]
Event: 21.213 Thread 0x4540a800 4474             java.util.jar.JarFile::maybeInstantiateVerifier (96 bytes)
Event: 21.214 Thread 0x4540a800 nmethod 4474 0x02b76308 code [0x02b76480, 0x02b76704]
Event: 21.214 Thread 0x4540a800 4475             jdk.internal.org.objectweb.asm.Item::<init> (66 bytes)
Event: 21.214 Thread 0x4540a800 nmethod 4475 0x02b760c8 code [0x02b761c0, 0x02b762a0]
Event: 21.214 Thread 0x4540a800 4476             jdk.internal.org.objectweb.asm.ClassWriter::put (152 bytes)
Event: 21.215 Thread 0x4540a800 nmethod 4476 0x02b75888 code [0x02b759c0, 0x02b75d40]

GC Heap History (10 events):
Event: 18.246 GC heap before
{Heap before GC invocations=109 (full 5):
 def new generation   total 31104K, used 27648K [0x04c00000, 0x06dc0000, 0x1a150000)
  eden space 27648K, 100% used [0x04c00000, 0x06700000, 0x06700000)
  from space 3456K,   0% used [0x06700000, 0x06700000, 0x06a60000)
  to   space 3456K,   0% used [0x06a60000, 0x06a60000, 0x06dc0000)
 tenured generation   total 68956K, used 41372K [0x1a150000, 0x1e4a7000, 0x44c00000)
   the space 68956K,  59% used [0x1a150000, 0x1c9b7048, 0x1c9b7200, 0x1e4a7000)
 Metaspace       used 35537K, capacity 36753K, committed 36864K, reserved 37248K
Event: 18.251 GC heap after
Heap after GC invocations=110 (full 5):
 def new generation   total 31104K, used 741K [0x04c00000, 0x06dc0000, 0x1a150000)
  eden space 27648K,   0% used [0x04c00000, 0x04c00000, 0x06700000)
  from space 3456K,  21% used [0x06a60000, 0x06b19558, 0x06dc0000)
  to   space 3456K,   0% used [0x06700000, 0x06700000, 0x06a60000)
 tenured generation   total 68956K, used 41372K [0x1a150000, 0x1e4a7000, 0x44c00000)
   the space 68956K,  59% used [0x1a150000, 0x1c9b7048, 0x1c9b7200, 0x1e4a7000)
 Metaspace       used 35537K, capacity 36753K, committed 36864K, reserved 37248K
}
Event: 18.953 GC heap before
{Heap before GC invocations=110 (full 5):
 def new generation   total 31104K, used 28389K [0x04c00000, 0x06dc0000, 0x1a150000)
  eden space 27648K, 100% used [0x04c00000, 0x06700000, 0x06700000)
  from space 3456K,  21% used [0x06a60000, 0x06b19558, 0x06dc0000)
  to   space 3456K,   0% used [0x06700000, 0x06700000, 0x06a60000)
 tenured generation   total 68956K, used 41372K [0x1a150000, 0x1e4a7000, 0x44c00000)
   the space 68956K,  59% used [0x1a150000, 0x1c9b7048, 0x1c9b7200, 0x1e4a7000)
 Metaspace       used 35559K, capacity 36760K, committed 36864K, reserved 37248K
Event: 18.959 GC heap after
Heap after GC invocations=111 (full 5):
 def new generation   total 31104K, used 1260K [0x04c00000, 0x06dc0000, 0x1a150000)
  eden space 27648K,   0% used [0x04c00000, 0x04c00000, 0x06700000)
  from space 3456K,  36% used [0x06700000, 0x0683b0c0, 0x06a60000)
  to   space 3456K,   0% used [0x06a60000, 0x06a60000, 0x06dc0000)
 tenured generation   total 68956K, used 41372K [0x1a150000, 0x1e4a7000, 0x44c00000)
   the space 68956K,  59% used [0x1a150000, 0x1c9b7048, 0x1c9b7200, 0x1e4a7000)
 Metaspace       used 35559K, capacity 36760K, committed 36864K, reserved 37248K
}
Event: 19.689 GC heap before
{Heap before GC invocations=111 (full 5):
 def new generation   total 31104K, used 28908K [0x04c00000, 0x06dc0000, 0x1a150000)
  eden space 27648K, 100% used [0x04c00000, 0x06700000, 0x06700000)
  from space 3456K,  36% used [0x06700000, 0x0683b0c0, 0x06a60000)
  to   space 3456K,   0% used [0x06a60000, 0x06a60000, 0x06dc0000)
 tenured generation   total 68956K, used 41372K [0x1a150000, 0x1e4a7000, 0x44c00000)
   the space 68956K,  59% used [0x1a150000, 0x1c9b7048, 0x1c9b7200, 0x1e4a7000)
 Metaspace       used 35559K, capacity 36760K, committed 36864K, reserved 37248K
Event: 19.694 GC heap after
Heap after GC invocations=112 (full 5):
 def new generation   total 31104K, used 1050K [0x04c00000, 0x06dc0000, 0x1a150000)
  eden space 27648K,   0% used [0x04c00000, 0x04c00000, 0x06700000)
  from space 3456K,  30% used [0x06a60000, 0x06b66bb8, 0x06dc0000)
  to   space 3456K,   0% used [0x06700000, 0x06700000, 0x06a60000)
 tenured generation   total 68956K, used 41372K [0x1a150000, 0x1e4a7000, 0x44c00000)
   the space 68956K,  59% used [0x1a150000, 0x1c9b7048, 0x1c9b7200, 0x1e4a7000)
 Metaspace       used 35559K, capacity 36760K, committed 36864K, reserved 37248K
}
Event: 20.292 GC heap before
{Heap before GC invocations=112 (full 5):
 def new generation   total 31104K, used 28698K [0x04c00000, 0x06dc0000, 0x1a150000)
  eden space 27648K, 100% used [0x04c00000, 0x06700000, 0x06700000)
  from space 3456K,  30% used [0x06a60000, 0x06b66bb8, 0x06dc0000)
  to   space 3456K,   0% used [0x06700000, 0x06700000, 0x06a60000)
 tenured generation   total 68956K, used 41372K [0x1a150000, 0x1e4a7000, 0x44c00000)
   the space 68956K,  59% used [0x1a150000, 0x1c9b7048, 0x1c9b7200, 0x1e4a7000)
 Metaspace       used 36079K, capacity 37330K, committed 37376K, reserved 38272K
Event: 20.306 GC heap after
Heap after GC invocations=113 (full 5):
 def new generation   total 31104K, used 3456K [0x04c00000, 0x06dc0000, 0x1a150000)
  eden space 27648K,   0% used [0x04c00000, 0x04c00000, 0x06700000)
  from space 3456K, 100% used [0x06700000, 0x06a60000, 0x06a60000)
  to   space 3456K,   0% used [0x06a60000, 0x06a60000, 0x06dc0000)
 tenured generation   total 68956K, used 41989K [0x1a150000, 0x1e4a7000, 0x44c00000)
   the space 68956K,  60% used [0x1a150000, 0x1ca51528, 0x1ca51600, 0x1e4a7000)
 Metaspace       used 36079K, capacity 37330K, committed 37376K, reserved 38272K
}
Event: 20.744 GC heap before
{Heap before GC invocations=113 (full 5):
 def new generation   total 31104K, used 31104K [0x04c00000, 0x06dc0000, 0x1a150000)
  eden space 27648K, 100% used [0x04c00000, 0x06700000, 0x06700000)
  from space 3456K, 100% used [0x06700000, 0x06a60000, 0x06a60000)
  to   space 3456K,   0% used [0x06a60000, 0x06a60000, 0x06dc0000)
 tenured generation   total 68956K, used 41989K [0x1a150000, 0x1e4a7000, 0x44c00000)
   the space 68956K,  60% used [0x1a150000, 0x1ca51528, 0x1ca51600, 0x1e4a7000)
 Metaspace       used 36475K, capacity 37717K, committed 37760K, reserved 38272K
Event: 20.766 GC heap after
Heap after GC invocations=114 (full 5):
 def new generation   total 31104K, used 2307K [0x04c00000, 0x06dc0000, 0x1a150000)
  eden space 27648K,   0% used [0x04c00000, 0x04c00000, 0x06700000)
  from space 3456K,  66% used [0x06a60000, 0x06ca0e50, 0x06dc0000)
  to   space 3456K,   0% used [0x06700000, 0x06700000, 0x06a60000)
 tenured generation   total 68956K, used 45297K [0x1a150000, 0x1e4a7000, 0x44c00000)
   the space 68956K,  65% used [0x1a150000, 0x1cd8c420, 0x1cd8c600, 0x1e4a7000)
 Metaspace       used 36475K, capacity 37717K, committed 37760K, reserved 38272K
}

Deoptimization events (0 events):
No events

Internal exceptions (10 events):
Event: 19.930 Thread 0x46589000 Exception <a 'java/lang/NoSuchMethodError': <clinit>> (0x05817368) thrown at [C:\re\workspace\8-2-build-windows-i586-cygwin\jdk8u131\8869\hotspot\src\share\vm\prims\jni.cpp, line 1613]
Event: 19.940 Thread 0x46589000 Exception <a 'java/lang/NoSuchMethodError': <clinit>> (0x05878258) thrown at [C:\re\workspace\8-2-build-windows-i586-cygwin\jdk8u131\8869\hotspot\src\share\vm\prims\jni.cpp, line 1613]
Event: 19.941 Thread 0x46589000 Exception <a 'java/lang/NoSuchMethodError': <clinit>> (0x05893058) thrown at [C:\re\workspace\8-2-build-windows-i586-cygwin\jdk8u131\8869\hotspot\src\share\vm\prims\jni.cpp, line 1613]
Event: 19.941 Thread 0x46589000 Exception <a 'java/lang/NoSuchMethodError': <clinit>> (0x05894c98) thrown at [C:\re\workspace\8-2-build-windows-i586-cygwin\jdk8u131\8869\hotspot\src\share\vm\prims\jni.cpp, line 1613]
Event: 20.575 Thread 0x46589000 Exception <a 'java/lang/NoSuchMethodError': <clinit>> (0x05d21468) thrown at [C:\re\workspace\8-2-build-windows-i586-cygwin\jdk8u131\8869\hotspot\src\share\vm\prims\jni.cpp, line 1613]
Event: 20.575 Thread 0x46589000 Exception <a 'java/lang/NoSuchMethodError': <clinit>> (0x05d2b8f0) thrown at [C:\re\workspace\8-2-build-windows-i586-cygwin\jdk8u131\8869\hotspot\src\share\vm\prims\jni.cpp, line 1613]
Event: 20.610 Thread 0x46589000 Exception <a 'java/lang/ArrayIndexOutOfBoundsException'> (0x05e5ca78) thrown at [C:\re\workspace\8-2-build-windows-i586-cygwin\jdk8u131\8869\hotspot\src\share\vm\runtime\sharedRuntime.cpp, line 605]
Event: 20.797 Thread 0x46589000 Exception <a 'java/lang/IncompatibleClassChangeError': Found class java.lang.Object, but interface was expected> (0x04ebcbe8) thrown at [C:\re\workspace\8-2-build-windows-i586-cygwin\jdk8u131\8869\hotspot\src\share\vm\interpreter\linkResolver.cpp, line 64
Event: 20.898 Thread 0x46589000 Exception <a 'java/lang/ArrayIndexOutOfBoundsException'> (0x0530af70) thrown at [C:\re\workspace\8-2-build-windows-i586-cygwin\jdk8u131\8869\hotspot\src\share\vm\runtime\sharedRuntime.cpp, line 605]
Event: 21.133 Thread 0x46589000 Exception <a 'sun/nio/fs/WindowsException'> (0x0546a4d8) thrown at [C:\re\workspace\8-2-build-windows-i586-cygwin\jdk8u131\8869\hotspot\src\share\vm\prims\jni.cpp, line 709]

Events (10 events):
Event: 21.214 loading class com/google/common/collect/Iterables$4
Event: 21.214 loading class com/google/common/collect/Iterables$4 done
Event: 21.215 loading class com/android/tools/aapt2/Aapt2Result
Event: 21.215 loading class com/android/tools/aapt2/Aapt2Result done
Event: 21.215 loading class com/android/tools/aapt2/Aapt2Result$Builder
Event: 21.215 loading class com/android/tools/aapt2/Aapt2Result$Builder done
Event: 21.216 loading class com/android/tools/aapt2/AutoValue_Aapt2Result$Builder
Event: 21.216 loading class com/android/tools/aapt2/AutoValue_Aapt2Result$Builder done
Event: 21.216 loading class com/android/tools/aapt2/AutoValue_Aapt2Result
Event: 21.216 loading class com/android/tools/aapt2/AutoValue_Aapt2Result done


Dynamic libraries:
0x00170000 - 0x001a3000 	C:\Program Files (x86)\Java\jdk1.8.0_131\bin\java.exe
0x77ba0000 - 0x77d23000 	C:\WINDOWS\SYSTEM32\ntdll.dll
0x75360000 - 0x75440000 	C:\WINDOWS\System32\KERNEL32.DLL
0x76df0000 - 0x76f91000 	C:\WINDOWS\System32\KERNELBASE.dll
0x6faa0000 - 0x6facf000 	C:\Program Files (x86)\AVG\Antivirus\aswhookx.dll
0x70460000 - 0x704f2000 	C:\WINDOWS\system32\apphelp.dll
0x77880000 - 0x778f7000 	C:\WINDOWS\System32\ADVAPI32.dll
0x77680000 - 0x7773e000 	C:\WINDOWS\System32\msvcrt.dll
0x77470000 - 0x774b1000 	C:\WINDOWS\System32\sechost.dll
0x77900000 - 0x779c1000 	C:\WINDOWS\System32\RPCRT4.dll
0x74640000 - 0x7465e000 	C:\WINDOWS\System32\SspiCli.dll
0x74630000 - 0x7463a000 	C:\WINDOWS\System32\CRYPTBASE.dll
0x750e0000 - 0x7513a000 	C:\WINDOWS\System32\bcryptPrimitives.dll
0x77110000 - 0x7726f000 	C:\WINDOWS\System32\USER32.dll
0x779d0000 - 0x779e5000 	C:\WINDOWS\System32\win32u.dll
0x775f0000 - 0x7761b000 	C:\WINDOWS\System32\GDI32.dll
0x74660000 - 0x747ba000 	C:\WINDOWS\System32\gdi32full.dll
0x6fad0000 - 0x6fcda000 	C:\WINDOWS\WinSxS\x86_microsoft.windows.common-controls_6595b64144ccf1df_6.0.14393.953_none_89c2555adb023171\COMCTL32.dll
0x75140000 - 0x75351000 	C:\WINDOWS\System32\combase.dll
0x77510000 - 0x775f0000 	C:\WINDOWS\System32\ucrtbase.dll
0x77a50000 - 0x77a75000 	C:\WINDOWS\System32\IMM32.DLL
0x714a0000 - 0x7155f000 	C:\Program Files (x86)\Java\jdk1.8.0_131\jre\bin\msvcr100.dll
0x59800000 - 0x59bce000 	C:\Program Files (x86)\Java\jdk1.8.0_131\jre\bin\client\jvm.dll
0x77ae0000 - 0x77ae6000 	C:\WINDOWS\System32\PSAPI.DLL
0x74320000 - 0x74328000 	C:\WINDOWS\SYSTEM32\WSOCK32.dll
0x75900000 - 0x75963000 	C:\WINDOWS\System32\WS2_32.dll
0x711b0000 - 0x711d4000 	C:\WINDOWS\SYSTEM32\WINMM.dll
0x74620000 - 0x74628000 	C:\WINDOWS\SYSTEM32\VERSION.dll
0x71180000 - 0x711a3000 	C:\WINDOWS\SYSTEM32\WINMMBASE.dll
0x774c0000 - 0x774f6000 	C:\WINDOWS\System32\cfgmgr32.dll
0x71490000 - 0x7149c000 	C:\Program Files (x86)\Java\jdk1.8.0_131\jre\bin\verify.dll
0x71460000 - 0x71481000 	C:\Program Files (x86)\Java\jdk1.8.0_131\jre\bin\java.dll
0x71440000 - 0x71453000 	C:\Program Files (x86)\Java\jdk1.8.0_131\jre\bin\zip.dll
0x75a10000 - 0x76de8000 	C:\WINDOWS\System32\SHELL32.dll
0x747e0000 - 0x74d4e000 	C:\WINDOWS\System32\windows.storage.dll
0x77380000 - 0x773c5000 	C:\WINDOWS\System32\powrprof.dll
0x759c0000 - 0x75a06000 	C:\WINDOWS\System32\shlwapi.dll
0x77500000 - 0x7750d000 	C:\WINDOWS\System32\kernel.appcore.dll
0x75050000 - 0x750d8000 	C:\WINDOWS\System32\shcore.dll
0x75440000 - 0x7544f000 	C:\WINDOWS\System32\profapi.dll
0x71420000 - 0x71436000 	C:\Program Files (x86)\Java\jdk1.8.0_131\jre\bin\net.dll
0x72600000 - 0x7264e000 	C:\WINDOWS\system32\mswsock.dll
0x71410000 - 0x7141f000 	C:\Program Files (x86)\Java\jdk1.8.0_131\jre\bin\nio.dll
0x713f0000 - 0x71409000 	C:\Users\MSI\.gradle\native\25\windows-i386\native-platform.dll
0x713e0000 - 0x713ea000 	C:\Program Files (x86)\Java\jdk1.8.0_131\jre\bin\management.dll
0x73920000 - 0x73933000 	C:\WINDOWS\SYSTEM32\CRYPTSP.dll
0x738f0000 - 0x7391f000 	C:\WINDOWS\system32\rsaenh.dll
0x738d0000 - 0x738eb000 	C:\WINDOWS\SYSTEM32\bcrypt.dll
0x72cd0000 - 0x72cea000 	C:\WINDOWS\SYSTEM32\USERENV.dll
0x73b70000 - 0x73b9f000 	C:\WINDOWS\SYSTEM32\IPHLPAPI.DLL
0x74d50000 - 0x74d57000 	C:\WINDOWS\System32\NSI.dll
0x6f810000 - 0x6f823000 	C:\WINDOWS\SYSTEM32\dhcpcsvc6.DLL
0x6f7f0000 - 0x6f804000 	C:\WINDOWS\SYSTEM32\dhcpcsvc.DLL
0x64b40000 - 0x64b58000 	C:\Users\MSI\AppData\Local\Temp\aapt2_5154004419287198516\libwinpthread-1.dll
0x63940000 - 0x63c05000 	C:\Users\MSI\AppData\Local\Temp\aapt2_5154004419287198516\libaapt2_jni.dll
0x73a20000 - 0x73b65000 	C:\WINDOWS\SYSTEM32\dbghelp.dll

VM Arguments:
jvm_args: -XX:+HeapDumpOnOutOfMemoryError -Xmx1024m -Dfile.encoding=windows-1252 -Duser.country=DE -Duser.language=de -Duser.variant 
java_command: org.gradle.launcher.daemon.bootstrap.GradleDaemon 4.1
java_class_path (initial): C:\Users\MSI\.gradle\wrapper\dists\gradle-4.1-all\bzyivzo6n839fup2jbap0tjew\gradle-4.1\lib\gradle-launcher-4.1.jar
Launcher Type: SUN_STANDARD

Environment Variables:
PATH=C:\ProgramData\Oracle\Java\javapath;C:\Program Files\Common Files\Microsoft Shared\Windows Live;C:\Program Files (x86)\Common Files\Microsoft Shared\Windows Live;C:\windows\system32;C:\windows;C:\windows\System32\Wbem;C:\windows\System32\WindowsPowerShell\v1.0\;C:\Program Files (x86)\Windows Live\Shared;C:\Program Files (x86)\NVIDIA Corporation\PhysX\Common;C:\WINDOWS\system32;C:\WINDOWS;C:\WINDOWS\System32\Wbem;C:\WINDOWS\System32\WindowsPowerShell\v1.0\;C:\Program Files (x86)\Skype\Phone\;C:\Program Files\nodejs\;C:\Program Files (x86)\Windows Kits\8.1\Windows Performance Toolkit\;C:\Users\MSI\AppData\Local\Programs\Python\Python36-32;C:\Users\MSI\AppData\Local\Programs\Python\Python36-32\Lib;C:\Users\MSI\AppData\Local\Programs\Python\Python36-32\libs;C:\Users\MSI\AppData\Local\Programs\Python\Python36-32\Scripts;C:\Program Files\PuTTY\;C:\Program Files\TortoiseGit\bin;C:\Program Files\Git\cmd;C:\Users\MSI\AppData\Local\Microsoft\WindowsApps;C:\Users\MSI\AppData\Local\.meteor\;C:\Users\MSI\AppData\Roaming\npm;C:\Users\MSI\AppData\Local\Programs\Python\Python36-32;C:\Users\MSI\AppData\Local\Programs\Python\Python36-32\Scripts;C:\Users\MSI\AppData\Local\Programs\Python\Python36-32\libs;C:\Users\MSI\AppData\Local\Programs\Python\Python36-32\Lib;C:\Program Files\Heroku\bin
USERNAME=MSI
OS=Windows_NT
PROCESSOR_IDENTIFIER=Intel64 Family 6 Model 42 Stepping 7, GenuineIntel



---------------  S Y S T E M  ---------------

OS: Windows 10.0 , 64 bit Build 14393 (10.0.14393.1198)

CPU:total 8 (initial active 8) (4 cores per cpu, 2 threads per core) family 6 model 42 stepping 7, cmov, cx8, fxsr, mmx, sse, sse2, sse3, ssse3, sse4.1, sse4.2, popcnt, avx, aes, clmul, ht, tsc, tscinvbit

Memory: 4k page, physical 16754096k(7762000k free), swap 33531312k(22882896k free)

vm_info: Java HotSpot(TM) Client VM (25.131-b11) for windows-x86 JRE (1.8.0_131-b11), built on Mar 15 2017 01:26:29 by "java_re" with MS VC++ 10.0 (VS2010)

time: Sun Sep 24 16:34:55 2017
elapsed time: 21 seconds (0d 0h 0m 21s)

