#
# A fatal error has been detected by the Java Runtime Environment:
#
#  EXCEPTION_ACCESS_VIOLATION (0xc0000005) at pc=0x497d0700, pid=10124, tid=0x000020d0
#
# JRE version: Java(TM) SE Runtime Environment (8.0_131-b11) (build 1.8.0_131-b11)
# Java VM: Java HotSpot(TM) Client VM (25.131-b11 mixed mode windows-x86 )
# Problematic frame:
# C  0x497d0700
#
# Failed to write core dump. Minidumps are not enabled by default on client versions of Windows
#
# If you would like to submit a bug report, please visit:
#   http://bugreport.java.com/bugreport/crash.jsp
# The crash happened outside the Java Virtual Machine in native code.
# See problematic frame for where to report the bug.
#

---------------  T H R E A D  ---------------

Current thread (0x49ad5800):  JavaThread "Task worker for ':' Thread 7" [_thread_in_native, id=8400, stack(0x4b460000,0x4b4b0000)]

siginfo: ExceptionCode=0xc0000005, ExceptionInformation=0x00000008 0x497d0700

Registers:
EAX=0x000004c4, EBX=0x49ad5940, ECX=0x00000000, EDX=0x4734b8fc
ESP=0x4b4ae1c8, EBP=0x4b4ae1f8, ESI=0x4b4ae218, EDI=0x474d6560
EIP=0x497d0700, EFLAGS=0x00010212

Top of Stack: (sp=0x4b4ae1c8)
0x4b4ae1c8:   4b4ae2a4 00000000 68128e1c 68128efc
0x4b4ae1d8:   49797f80 00000000 00000002 499c484c
0x4b4ae1e8:   4b4ed218 4b4ed218 4b4ae224 4b4ae230
0x4b4ae1f8:   4b4ae258 6396743d 497d0738 499c4458
0x4b4ae208:   499c4460 499c484c 000003ec 0235bd43
0x4b4ae218:   00000000 00000000 00000000 4b4ae24c
0x4b4ae228:   67ed0d00 49ad5800 00000006 00000008
0x4b4ae238:   49ad5800 4b4ed210 4b4ed218 4b4ed218 

Instructions: (pc=0x497d0700)
0x497d06e0:   4e 4f 2d 53 4f 55 52 43 45 62 6c 65 00 91 49 47
0x497d06f0:   5c 65 ad 73 00 eb 02 88 0d 00 01 00 b8 5a 9a 00
0x497d0700:   76 61 6c 24 74 61 73 6b 54 69 6d 65 72 b4 00 9b
0x497d0710:   60 65 a9 73 9c ec 02 88 0c 00 02 00 78 6f 48 3e 


Register to memory mapping:

EAX=0x000004c4 is an unknown value
EBX=0x49ad5940 is an unknown value
ECX=0x00000000 is an unknown value
EDX=0x4734b8fc is an unknown value
ESP=0x4b4ae1c8 is pointing into the stack for thread: 0x49ad5800
EBP=0x4b4ae1f8 is pointing into the stack for thread: 0x49ad5800
ESI=0x4b4ae218 is pointing into the stack for thread: 0x49ad5800
EDI=0x474d6560 is an unknown value


Stack: [0x4b460000,0x4b4b0000],  sp=0x4b4ae1c8,  free space=312k
Native frames: (J=compiled Java code, j=interpreted, Vv=VM code, C=native code)
C  0x497d0700
C  [libaapt2_jni.dll+0x2743d]
j  com.android.tools.aapt2.Aapt2Jni.nativeLink(Ljava/util/List;Lcom/android/tools/aapt2/Aapt2JniLogCallback;)I+0
j  com.android.tools.aapt2.Aapt2Jni.link(Ljava/util/List;)Lcom/android/tools/aapt2/Aapt2Result;+6
j  com.android.builder.internal.aapt.v2.AaptV2Jni.makeValidatedPackage(Lcom/android/builder/internal/aapt/AaptPackageConfig;)Lcom/google/common/util/concurrent/ListenableFuture;+41
j  com.android.builder.internal.aapt.AbstractAapt.link(Lcom/android/builder/internal/aapt/AaptPackageConfig;)Lcom/google/common/util/concurrent/ListenableFuture;+7
j  com.android.builder.core.AndroidBuilder.processResources(Lcom/android/builder/internal/aapt/Aapt;Lcom/android/builder/internal/aapt/AaptPackageConfig$Builder;)V+57
j  com.android.build.gradle.tasks.ProcessAndroidResources.invokeAaptForSplit(Ljava/util/Collection;Ljava/util/Set;Ljava/util/Set;Lcom/android/build/gradle/internal/scope/SplitList;Ljava/util/Set;Lcom/android/ide/common/build/ApkData;ZLcom/android/builder/internal/aapt/Aapt;)V+672
j  com.android.build.gradle.tasks.ProcessAndroidResources.doFullTaskAction()V+336
j  com.android.build.gradle.internal.tasks.IncrementalTask.taskAction(Lorg/gradle/api/tasks/incremental/IncrementalTaskInputs;)V+33
v  ~StubRoutines::call_stub
V  [jvm.dll+0x15af45]
V  [jvm.dll+0x2213ae]
V  [jvm.dll+0x15afde]
V  [jvm.dll+0x167758]
V  [jvm.dll+0x1679c3]
V  [jvm.dll+0x104093]
C  [java.dll+0x3b26]
J 2967 C1 sun.reflect.NativeMethodAccessorImpl.invoke(Ljava/lang/Object;[Ljava/lang/Object;)Ljava/lang/Object; (104 bytes) @ 0x024035e4 [0x02403340+0x2a4]
J 469 C1 sun.reflect.DelegatingMethodAccessorImpl.invoke(Ljava/lang/Object;[Ljava/lang/Object;)Ljava/lang/Object; (10 bytes) @ 0x02447940 [0x02447910+0x30]
J 468 C1 java.lang.reflect.Method.invoke(Ljava/lang/Object;[Ljava/lang/Object;)Ljava/lang/Object; (62 bytes) @ 0x02447654 [0x02447580+0xd4]
j  org.gradle.internal.reflect.JavaMethod.invoke(Ljava/lang/Object;[Ljava/lang/Object;)Ljava/lang/Object;+6
j  org.gradle.api.internal.project.taskfactory.DefaultTaskClassInfoStore$IncrementalTaskAction.doExecute(Lorg/gradle/api/Task;Ljava/lang/String;)V+35
j  org.gradle.api.internal.project.taskfactory.DefaultTaskClassInfoStore$StandardTaskAction.execute(Lorg/gradle/api/Task;)V+32
j  org.gradle.api.internal.project.taskfactory.DefaultTaskClassInfoStore$StandardTaskAction.execute(Ljava/lang/Object;)V+5
j  org.gradle.api.internal.tasks.execution.ExecuteActionsTaskExecuter$1.run(Lorg/gradle/internal/operations/BuildOperationContext;)V+23
j  org.gradle.internal.progress.DefaultBuildOperationExecutor$RunnableBuildOperationWorker.execute(Lorg/gradle/internal/operations/RunnableBuildOperation;Lorg/gradle/internal/operations/BuildOperationContext;)V+2
j  org.gradle.internal.progress.DefaultBuildOperationExecutor$RunnableBuildOperationWorker.execute(Lorg/gradle/internal/operations/BuildOperation;Lorg/gradle/internal/operations/BuildOperationContext;)V+6
j  org.gradle.internal.progress.DefaultBuildOperationExecutor.execute(Lorg/gradle/internal/operations/BuildOperation;Lorg/gradle/internal/operations/BuildOperationWorker;Lorg/gradle/internal/progress/DefaultBuildOperationExecutor$DefaultBuildOperationState;)V+177
j  org.gradle.internal.progress.DefaultBuildOperationExecutor.run(Lorg/gradle/internal/operations/RunnableBuildOperation;)V+20
j  org.gradle.api.internal.tasks.execution.ExecuteActionsTaskExecuter.executeAction(Ljava/lang/String;Lorg/gradle/api/internal/TaskInternal;Lorg/gradle/api/internal/tasks/ContextAwareTaskAction;Lorg/gradle/api/internal/tasks/TaskExecutionContext;)V+23
j  org.gradle.api.internal.tasks.execution.ExecuteActionsTaskExecuter.executeActions(Lorg/gradle/api/internal/TaskInternal;Lorg/gradle/api/internal/tasks/TaskStateInternal;Lorg/gradle/api/internal/tasks/TaskExecutionContext;)Lorg/gradle/api/GradleException;+131
j  org.gradle.api.internal.tasks.execution.ExecuteActionsTaskExecuter.execute(Lorg/gradle/api/internal/TaskInternal;Lorg/gradle/api/internal/tasks/TaskStateInternal;Lorg/gradle/api/internal/tasks/TaskExecutionContext;)V+42
j  org.gradle.api.internal.tasks.execution.SkipUpToDateTaskExecuter.execute(Lorg/gradle/api/internal/TaskInternal;Lorg/gradle/api/internal/tasks/TaskStateInternal;Lorg/gradle/api/internal/tasks/TaskExecutionContext;)V+124
j  org.gradle.api.internal.tasks.execution.ResolveTaskOutputCachingStateExecuter.execute(Lorg/gradle/api/internal/TaskInternal;Lorg/gradle/api/internal/tasks/TaskStateInternal;Lorg/gradle/api/internal/tasks/TaskExecutionContext;)V+96
j  org.gradle.api.internal.tasks.execution.ValidatingTaskExecuter.execute(Lorg/gradle/api/internal/TaskInternal;Lorg/gradle/api/internal/tasks/TaskStateInternal;Lorg/gradle/api/internal/tasks/TaskExecutionContext;)V+215
j  org.gradle.api.internal.tasks.execution.SkipEmptySourceFilesTaskExecuter.execute(Lorg/gradle/api/internal/TaskInternal;Lorg/gradle/api/internal/tasks/TaskStateInternal;Lorg/gradle/api/internal/tasks/TaskExecutionContext;)V+335
j  org.gradle.api.internal.tasks.execution.ResolveTaskArtifactStateTaskExecuter.execute(Lorg/gradle/api/internal/TaskInternal;Lorg/gradle/api/internal/tasks/TaskStateInternal;Lorg/gradle/api/internal/tasks/TaskExecutionContext;)V+72
j  org.gradle.api.internal.tasks.execution.SkipTaskWithNoActionsExecuter.execute(Lorg/gradle/api/internal/TaskInternal;Lorg/gradle/api/internal/tasks/TaskStateInternal;Lorg/gradle/api/internal/tasks/TaskExecutionContext;)V+124
j  org.gradle.api.internal.tasks.execution.SkipOnlyIfTaskExecuter.execute(Lorg/gradle/api/internal/TaskInternal;Lorg/gradle/api/internal/tasks/TaskStateInternal;Lorg/gradle/api/internal/tasks/TaskExecutionContext;)V+85
j  org.gradle.api.internal.tasks.execution.ExecuteAtMostOnceTaskExecuter.execute(Lorg/gradle/api/internal/TaskInternal;Lorg/gradle/api/internal/tasks/TaskStateInternal;Lorg/gradle/api/internal/tasks/TaskExecutionContext;)V+26
j  org.gradle.api.internal.tasks.execution.CatchExceptionTaskExecuter.execute(Lorg/gradle/api/internal/TaskInternal;Lorg/gradle/api/internal/tasks/TaskStateInternal;Lorg/gradle/api/internal/tasks/TaskExecutionContext;)V+7
j  org.gradle.execution.taskgraph.DefaultTaskGraphExecuter$EventFiringTaskWorker$1.run(Lorg/gradle/internal/operations/BuildOperationContext;)V+56
j  org.gradle.internal.progress.DefaultBuildOperationExecutor$RunnableBuildOperationWorker.execute(Lorg/gradle/internal/operations/RunnableBuildOperation;Lorg/gradle/internal/operations/BuildOperationContext;)V+2
j  org.gradle.internal.progress.DefaultBuildOperationExecutor$RunnableBuildOperationWorker.execute(Lorg/gradle/internal/operations/BuildOperation;Lorg/gradle/internal/operations/BuildOperationContext;)V+6
j  org.gradle.internal.progress.DefaultBuildOperationExecutor.execute(Lorg/gradle/internal/operations/BuildOperation;Lorg/gradle/internal/operations/BuildOperationWorker;Lorg/gradle/internal/progress/DefaultBuildOperationExecutor$DefaultBuildOperationState;)V+177
j  org.gradle.internal.progress.DefaultBuildOperationExecutor.run(Lorg/gradle/internal/operations/RunnableBuildOperation;)V+20
j  org.gradle.execution.taskgraph.DefaultTaskGraphExecuter$EventFiringTaskWorker.execute(Lorg/gradle/api/internal/TaskInternal;)V+16
j  org.gradle.execution.taskgraph.DefaultTaskGraphExecuter$EventFiringTaskWorker.execute(Ljava/lang/Object;)V+5
j  org.gradle.execution.taskgraph.DefaultTaskPlanExecutor$TaskExecutorWorker.processTask(Lorg/gradle/execution/taskgraph/TaskInfo;)V+8
j  org.gradle.execution.taskgraph.DefaultTaskPlanExecutor$TaskExecutorWorker.access$200(Lorg/gradle/execution/taskgraph/DefaultTaskPlanExecutor$TaskExecutorWorker;Lorg/gradle/execution/taskgraph/TaskInfo;)V+2
j  org.gradle.execution.taskgraph.DefaultTaskPlanExecutor$TaskExecutorWorker$1.execute(Lorg/gradle/execution/taskgraph/TaskInfo;)V+38
j  org.gradle.execution.taskgraph.DefaultTaskPlanExecutor$TaskExecutorWorker$1.execute(Ljava/lang/Object;)V+5
j  org.gradle.execution.taskgraph.DefaultTaskExecutionPlan.execute(Lorg/gradle/execution/taskgraph/TaskInfo;Lorg/gradle/internal/work/WorkerLeaseRegistry$WorkerLease;Lorg/gradle/api/Action;)V+14
j  org.gradle.execution.taskgraph.DefaultTaskExecutionPlan.executeWithTask(Lorg/gradle/internal/work/WorkerLeaseRegistry$WorkerLease;Lorg/gradle/api/Action;)Z+53
j  org.gradle.execution.taskgraph.DefaultTaskPlanExecutor$TaskExecutorWorker.run()V+52
j  org.gradle.internal.concurrent.ExecutorPolicy$CatchAndRecordFailures.onExecute(Ljava/lang/Runnable;)V+1
j  org.gradle.internal.concurrent.ManagedExecutorImpl$1.run()V+25
j  java.util.concurrent.ThreadPoolExecutor.runWorker(Ljava/util/concurrent/ThreadPoolExecutor$Worker;)V+95
j  java.util.concurrent.ThreadPoolExecutor$Worker.run()V+5
j  org.gradle.internal.concurrent.ThreadFactoryImpl$ManagedThreadRunnable.run()V+7
j  java.lang.Thread.run()V+11
v  ~StubRoutines::call_stub
V  [jvm.dll+0x15af45]
V  [jvm.dll+0x2213ae]
V  [jvm.dll+0x15afde]
V  [jvm.dll+0x15b166]
V  [jvm.dll+0x15b1d7]
V  [jvm.dll+0xff36f]
V  [jvm.dll+0x17dc30]
V  [jvm.dll+0x17e4aa]
V  [jvm.dll+0x1c2ec6]
C  [msvcr100.dll+0x5c556]
C  [msvcr100.dll+0x5c600]
C  [KERNEL32.DLL+0x162c4]
C  [ntdll.dll+0x60f79]
C  [ntdll.dll+0x60f44]
C  0x00000000

Java frames: (J=compiled Java code, j=interpreted, Vv=VM code)
j  com.android.tools.aapt2.Aapt2Jni.nativeLink(Ljava/util/List;Lcom/android/tools/aapt2/Aapt2JniLogCallback;)I+0
j  com.android.tools.aapt2.Aapt2Jni.link(Ljava/util/List;)Lcom/android/tools/aapt2/Aapt2Result;+6
j  com.android.builder.internal.aapt.v2.AaptV2Jni.makeValidatedPackage(Lcom/android/builder/internal/aapt/AaptPackageConfig;)Lcom/google/common/util/concurrent/ListenableFuture;+41
j  com.android.builder.internal.aapt.AbstractAapt.link(Lcom/android/builder/internal/aapt/AaptPackageConfig;)Lcom/google/common/util/concurrent/ListenableFuture;+7
j  com.android.builder.core.AndroidBuilder.processResources(Lcom/android/builder/internal/aapt/Aapt;Lcom/android/builder/internal/aapt/AaptPackageConfig$Builder;)V+57
j  com.android.build.gradle.tasks.ProcessAndroidResources.invokeAaptForSplit(Ljava/util/Collection;Ljava/util/Set;Ljava/util/Set;Lcom/android/build/gradle/internal/scope/SplitList;Ljava/util/Set;Lcom/android/ide/common/build/ApkData;ZLcom/android/builder/internal/aapt/Aapt;)V+672
j  com.android.build.gradle.tasks.ProcessAndroidResources.doFullTaskAction()V+336
j  com.android.build.gradle.internal.tasks.IncrementalTask.taskAction(Lorg/gradle/api/tasks/incremental/IncrementalTaskInputs;)V+33
v  ~StubRoutines::call_stub
J 2968  sun.reflect.NativeMethodAccessorImpl.invoke0(Ljava/lang/reflect/Method;Ljava/lang/Object;[Ljava/lang/Object;)Ljava/lang/Object; (0 bytes) @ 0x02407b5d [0x02407ae0+0x7d]
J 2967 C1 sun.reflect.NativeMethodAccessorImpl.invoke(Ljava/lang/Object;[Ljava/lang/Object;)Ljava/lang/Object; (104 bytes) @ 0x024035e4 [0x02403340+0x2a4]
J 469 C1 sun.reflect.DelegatingMethodAccessorImpl.invoke(Ljava/lang/Object;[Ljava/lang/Object;)Ljava/lang/Object; (10 bytes) @ 0x02447940 [0x02447910+0x30]
J 468 C1 java.lang.reflect.Method.invoke(Ljava/lang/Object;[Ljava/lang/Object;)Ljava/lang/Object; (62 bytes) @ 0x02447654 [0x02447580+0xd4]
j  org.gradle.internal.reflect.JavaMethod.invoke(Ljava/lang/Object;[Ljava/lang/Object;)Ljava/lang/Object;+6
j  org.gradle.api.internal.project.taskfactory.DefaultTaskClassInfoStore$IncrementalTaskAction.doExecute(Lorg/gradle/api/Task;Ljava/lang/String;)V+35
j  org.gradle.api.internal.project.taskfactory.DefaultTaskClassInfoStore$StandardTaskAction.execute(Lorg/gradle/api/Task;)V+32
j  org.gradle.api.internal.project.taskfactory.DefaultTaskClassInfoStore$StandardTaskAction.execute(Ljava/lang/Object;)V+5
j  org.gradle.api.internal.tasks.execution.ExecuteActionsTaskExecuter$1.run(Lorg/gradle/internal/operations/BuildOperationContext;)V+23
j  org.gradle.internal.progress.DefaultBuildOperationExecutor$RunnableBuildOperationWorker.execute(Lorg/gradle/internal/operations/RunnableBuildOperation;Lorg/gradle/internal/operations/BuildOperationContext;)V+2
j  org.gradle.internal.progress.DefaultBuildOperationExecutor$RunnableBuildOperationWorker.execute(Lorg/gradle/internal/operations/BuildOperation;Lorg/gradle/internal/operations/BuildOperationContext;)V+6
j  org.gradle.internal.progress.DefaultBuildOperationExecutor.execute(Lorg/gradle/internal/operations/BuildOperation;Lorg/gradle/internal/operations/BuildOperationWorker;Lorg/gradle/internal/progress/DefaultBuildOperationExecutor$DefaultBuildOperationState;)V+177
j  org.gradle.internal.progress.DefaultBuildOperationExecutor.run(Lorg/gradle/internal/operations/RunnableBuildOperation;)V+20
j  org.gradle.api.internal.tasks.execution.ExecuteActionsTaskExecuter.executeAction(Ljava/lang/String;Lorg/gradle/api/internal/TaskInternal;Lorg/gradle/api/internal/tasks/ContextAwareTaskAction;Lorg/gradle/api/internal/tasks/TaskExecutionContext;)V+23
j  org.gradle.api.internal.tasks.execution.ExecuteActionsTaskExecuter.executeActions(Lorg/gradle/api/internal/TaskInternal;Lorg/gradle/api/internal/tasks/TaskStateInternal;Lorg/gradle/api/internal/tasks/TaskExecutionContext;)Lorg/gradle/api/GradleException;+131
j  org.gradle.api.internal.tasks.execution.ExecuteActionsTaskExecuter.execute(Lorg/gradle/api/internal/TaskInternal;Lorg/gradle/api/internal/tasks/TaskStateInternal;Lorg/gradle/api/internal/tasks/TaskExecutionContext;)V+42
j  org.gradle.api.internal.tasks.execution.SkipUpToDateTaskExecuter.execute(Lorg/gradle/api/internal/TaskInternal;Lorg/gradle/api/internal/tasks/TaskStateInternal;Lorg/gradle/api/internal/tasks/TaskExecutionContext;)V+124
j  org.gradle.api.internal.tasks.execution.ResolveTaskOutputCachingStateExecuter.execute(Lorg/gradle/api/internal/TaskInternal;Lorg/gradle/api/internal/tasks/TaskStateInternal;Lorg/gradle/api/internal/tasks/TaskExecutionContext;)V+96
j  org.gradle.api.internal.tasks.execution.ValidatingTaskExecuter.execute(Lorg/gradle/api/internal/TaskInternal;Lorg/gradle/api/internal/tasks/TaskStateInternal;Lorg/gradle/api/internal/tasks/TaskExecutionContext;)V+215
j  org.gradle.api.internal.tasks.execution.SkipEmptySourceFilesTaskExecuter.execute(Lorg/gradle/api/internal/TaskInternal;Lorg/gradle/api/internal/tasks/TaskStateInternal;Lorg/gradle/api/internal/tasks/TaskExecutionContext;)V+335
j  org.gradle.api.internal.tasks.execution.ResolveTaskArtifactStateTaskExecuter.execute(Lorg/gradle/api/internal/TaskInternal;Lorg/gradle/api/internal/tasks/TaskStateInternal;Lorg/gradle/api/internal/tasks/TaskExecutionContext;)V+72
j  org.gradle.api.internal.tasks.execution.SkipTaskWithNoActionsExecuter.execute(Lorg/gradle/api/internal/TaskInternal;Lorg/gradle/api/internal/tasks/TaskStateInternal;Lorg/gradle/api/internal/tasks/TaskExecutionContext;)V+124
j  org.gradle.api.internal.tasks.execution.SkipOnlyIfTaskExecuter.execute(Lorg/gradle/api/internal/TaskInternal;Lorg/gradle/api/internal/tasks/TaskStateInternal;Lorg/gradle/api/internal/tasks/TaskExecutionContext;)V+85
j  org.gradle.api.internal.tasks.execution.ExecuteAtMostOnceTaskExecuter.execute(Lorg/gradle/api/internal/TaskInternal;Lorg/gradle/api/internal/tasks/TaskStateInternal;Lorg/gradle/api/internal/tasks/TaskExecutionContext;)V+26
j  org.gradle.api.internal.tasks.execution.CatchExceptionTaskExecuter.execute(Lorg/gradle/api/internal/TaskInternal;Lorg/gradle/api/internal/tasks/TaskStateInternal;Lorg/gradle/api/internal/tasks/TaskExecutionContext;)V+7
j  org.gradle.execution.taskgraph.DefaultTaskGraphExecuter$EventFiringTaskWorker$1.run(Lorg/gradle/internal/operations/BuildOperationContext;)V+56
j  org.gradle.internal.progress.DefaultBuildOperationExecutor$RunnableBuildOperationWorker.execute(Lorg/gradle/internal/operations/RunnableBuildOperation;Lorg/gradle/internal/operations/BuildOperationContext;)V+2
j  org.gradle.internal.progress.DefaultBuildOperationExecutor$RunnableBuildOperationWorker.execute(Lorg/gradle/internal/operations/BuildOperation;Lorg/gradle/internal/operations/BuildOperationContext;)V+6
j  org.gradle.internal.progress.DefaultBuildOperationExecutor.execute(Lorg/gradle/internal/operations/BuildOperation;Lorg/gradle/internal/operations/BuildOperationWorker;Lorg/gradle/internal/progress/DefaultBuildOperationExecutor$DefaultBuildOperationState;)V+177
j  org.gradle.internal.progress.DefaultBuildOperationExecutor.run(Lorg/gradle/internal/operations/RunnableBuildOperation;)V+20
j  org.gradle.execution.taskgraph.DefaultTaskGraphExecuter$EventFiringTaskWorker.execute(Lorg/gradle/api/internal/TaskInternal;)V+16
j  org.gradle.execution.taskgraph.DefaultTaskGraphExecuter$EventFiringTaskWorker.execute(Ljava/lang/Object;)V+5
j  org.gradle.execution.taskgraph.DefaultTaskPlanExecutor$TaskExecutorWorker.processTask(Lorg/gradle/execution/taskgraph/TaskInfo;)V+8
j  org.gradle.execution.taskgraph.DefaultTaskPlanExecutor$TaskExecutorWorker.access$200(Lorg/gradle/execution/taskgraph/DefaultTaskPlanExecutor$TaskExecutorWorker;Lorg/gradle/execution/taskgraph/TaskInfo;)V+2
j  org.gradle.execution.taskgraph.DefaultTaskPlanExecutor$TaskExecutorWorker$1.execute(Lorg/gradle/execution/taskgraph/TaskInfo;)V+38
j  org.gradle.execution.taskgraph.DefaultTaskPlanExecutor$TaskExecutorWorker$1.execute(Ljava/lang/Object;)V+5
j  org.gradle.execution.taskgraph.DefaultTaskExecutionPlan.execute(Lorg/gradle/execution/taskgraph/TaskInfo;Lorg/gradle/internal/work/WorkerLeaseRegistry$WorkerLease;Lorg/gradle/api/Action;)V+14
j  org.gradle.execution.taskgraph.DefaultTaskExecutionPlan.executeWithTask(Lorg/gradle/internal/work/WorkerLeaseRegistry$WorkerLease;Lorg/gradle/api/Action;)Z+53
j  org.gradle.execution.taskgraph.DefaultTaskPlanExecutor$TaskExecutorWorker.run()V+52
j  org.gradle.internal.concurrent.ExecutorPolicy$CatchAndRecordFailures.onExecute(Ljava/lang/Runnable;)V+1
j  org.gradle.internal.concurrent.ManagedExecutorImpl$1.run()V+25
j  java.util.concurrent.ThreadPoolExecutor.runWorker(Ljava/util/concurrent/ThreadPoolExecutor$Worker;)V+95
j  java.util.concurrent.ThreadPoolExecutor$Worker.run()V+5
j  org.gradle.internal.concurrent.ThreadFactoryImpl$ManagedThreadRunnable.run()V+7
j  java.lang.Thread.run()V+11
v  ~StubRoutines::call_stub

---------------  P R O C E S S  ---------------

Java Threads: ( => current thread )
=>0x49ad5800 JavaThread "Task worker for ':' Thread 7" [_thread_in_native, id=8400, stack(0x4b460000,0x4b4b0000)]
  0x46c7e400 JavaThread "Task worker for ':' Thread 6" [_thread_blocked, id=8404, stack(0x4b3d0000,0x4b420000)]
  0x46c7f000 JavaThread "Task worker for ':' Thread 5" [_thread_blocked, id=8372, stack(0x4b340000,0x4b390000)]
  0x47164c00 JavaThread "Task worker for ':' Thread 4" [_thread_blocked, id=8408, stack(0x4b2b0000,0x4b300000)]
  0x47164400 JavaThread "Task worker for ':' Thread 3" [_thread_blocked, id=8416, stack(0x4b220000,0x4b270000)]
  0x4715f800 JavaThread "Task worker for ':' Thread 2" [_thread_blocked, id=8412, stack(0x4b190000,0x4b1e0000)]
  0x47165800 JavaThread "Task worker for ':'" [_thread_blocked, id=8396, stack(0x4b100000,0x4b150000)]
  0x47163800 JavaThread "Cache worker for task history cache (C:\Users\MSI\Dropbox\Projekte\My Apps\TodoList\.gradle\4.1\taskHistory)" [_thread_blocked, id=8388, stack(0x4b070000,0x4b0c0000)]
  0x47162c00 JavaThread "build operations Thread 8" [_thread_blocked, id=9572, stack(0x48d60000,0x48db0000)]
  0x47162400 JavaThread "build operations Thread 7" [_thread_blocked, id=9268, stack(0x48cd0000,0x48d20000)]
  0x47162000 JavaThread "build operations Thread 6" [_thread_blocked, id=8900, stack(0x48c40000,0x48c90000)]
  0x47161800 JavaThread "build operations Thread 5" [_thread_blocked, id=5268, stack(0x48bb0000,0x48c00000)]
  0x4715f400 JavaThread "build operations Thread 4" [_thread_blocked, id=4176, stack(0x48b20000,0x48b70000)]
  0x47163c00 JavaThread "build operations Thread 3" [_thread_blocked, id=5596, stack(0x48a90000,0x48ae0000)]
  0x47163000 JavaThread "build operations Thread 2" [_thread_blocked, id=6400, stack(0x48a00000,0x48a50000)]
  0x47160c00 JavaThread "build operations" [_thread_blocked, id=9524, stack(0x48970000,0x489c0000)]
  0x4715ec00 JavaThread "Cache worker for Artifact transforms cache (C:\Users\MSI\.gradle\caches\transforms-1)" [_thread_blocked, id=2608, stack(0x484e0000,0x48530000)]
  0x47160400 JavaThread "Cache worker for file hash cache (C:\Users\MSI\Dropbox\Projekte\My Apps\TodoList\.gradle\4.1\fileHashes)" [_thread_blocked, id=9624, stack(0x47e30000,0x47e80000)]
  0x47160000 JavaThread "Stdin handler" [_thread_blocked, id=2604, stack(0x46ab0000,0x46b00000)]
  0x47166400 JavaThread "Asynchronous log dispatcher for DefaultDaemonConnection: socket connection from /127.0.0.1:49844 to /127.0.0.1:49863" [_thread_blocked, id=2304, stack(0x46a00000,0x46a50000)]
  0x47165c00 JavaThread "Cancel handler" [_thread_blocked, id=7876, stack(0x468e0000,0x46930000)]
  0x47161000 JavaThread "Handler for socket connection from /127.0.0.1:49844 to /127.0.0.1:49863" [_thread_in_native, id=7884, stack(0x46850000,0x468a0000)]
  0x47165000 JavaThread "Memory manager" [_thread_blocked, id=5100, stack(0x491f0000,0x49240000)]
  0x46c7dc00 JavaThread "File lock request listener" [_thread_in_native, id=9332, stack(0x47da0000,0x47df0000)]
  0x46c7f800 JavaThread "Cache worker for file hash cache (C:\Users\MSI\.gradle\caches\4.1\fileHashes)" [_thread_blocked, id=9328, stack(0x47d10000,0x47d60000)]
  0x44c3e000 JavaThread "Daemon worker" [_thread_blocked, id=7504, stack(0x46970000,0x469c0000)]
  0x45d80800 JavaThread "Daemon" [_thread_blocked, id=9248, stack(0x467c0000,0x46810000)]
  0x45ce3000 JavaThread "Daemon periodic checks" [_thread_blocked, id=3228, stack(0x46730000,0x46780000)]
  0x45ce2400 JavaThread "Incoming local TCP Connector on port 49844" [_thread_in_native, id=10088, stack(0x46490000,0x464e0000)]
  0x45cc0400 JavaThread "Daemon health stats" [_thread_blocked, id=7928, stack(0x46080000,0x460d0000)]
  0x44c23000 JavaThread "Service Thread" daemon [_thread_blocked, id=832, stack(0x45160000,0x451b0000)]
  0x44c0a000 JavaThread "C1 CompilerThread0" daemon [_thread_blocked, id=10072, stack(0x450d0000,0x45120000)]
  0x44c09000 JavaThread "Attach Listener" daemon [_thread_blocked, id=10068, stack(0x45040000,0x45090000)]
  0x44c07000 JavaThread "Signal Dispatcher" daemon [_thread_blocked, id=9180, stack(0x44fb0000,0x45000000)]
  0x44be9800 JavaThread "Finalizer" daemon [_thread_blocked, id=8468, stack(0x44e10000,0x44e60000)]
  0x0227e800 JavaThread "Reference Handler" daemon [_thread_blocked, id=8912, stack(0x043a0000,0x043f0000)]
  0x0230c400 JavaThread "main" [_thread_blocked, id=8972, stack(0x007d0000,0x00820000)]

Other Threads:
  0x0227d400 VMThread [stack: 0x04310000,0x04360000] [id=7632]
  0x44c36c00 WatcherThread [stack: 0x451f0000,0x45240000] [id=2580]

VM state:not at safepoint (normal execution)

VM Mutex/Monitor currently owned by a thread: None

Heap:
 def new generation   total 29184K, used 8606K [0x04400000, 0x063a0000, 0x19950000)
  eden space 25984K,  25% used [0x04400000, 0x04a73420, 0x05d60000)
  from space 3200K,  62% used [0x06080000, 0x06274468, 0x063a0000)
  to   space 3200K,   0% used [0x05d60000, 0x05d60000, 0x06080000)
 tenured generation   total 64460K, used 47731K [0x19950000, 0x1d843000, 0x44400000)
   the space 64460K,  74% used [0x19950000, 0x1c7ecdf8, 0x1c7ece00, 0x1d843000)
 Metaspace       used 36351K, capacity 37637K, committed 37760K, reserved 38272K

Card table byte_map: [0x44400000,0x44610000] byte_map_base: 0x443de000

Polling page: 0x003f0000

CodeCache: size=32768Kb used=7181Kb max_used=7236Kb free=25586Kb
 bounds [0x02310000, 0x02a28000, 0x04310000]
 total_blobs=4355 nmethods=3892 adapters=392
 compilation: enabled

Compilation events (10 events):
Event: 47.819 Thread 0x44c0a000 4408             java.lang.invoke.MethodType::toMethodDescriptorString (21 bytes)
Event: 47.819 Thread 0x44c0a000 nmethod 4408 0x02481408 code [0x02481540, 0x02481770]
Event: 47.821 Thread 0x44c0a000 4409             jdk.internal.org.objectweb.asm.Item::<init> (66 bytes)
Event: 47.821 Thread 0x44c0a000 nmethod 4409 0x024811c8 code [0x024812c0, 0x024813a0]
Event: 47.908 Thread 0x44c0a000 4410             com.google.common.collect.ObjectArrays::checkElementNotNull (33 bytes)
Event: 47.908 Thread 0x44c0a000 nmethod 4410 0x0247abc8 code [0x0247ad00, 0x0247af60]
Event: 47.952 Thread 0x44c0a000 4411             com.google.common.collect.ObjectArrays::checkElementsNotNull (23 bytes)
Event: 47.953 Thread 0x44c0a000 nmethod 4411 0x0247a548 code [0x0247a680, 0x0247a920]
Event: 48.026 Thread 0x44c0a000 4412             jdk.internal.org.objectweb.asm.ClassWriter::put (152 bytes)
Event: 48.026 Thread 0x44c0a000 nmethod 4412 0x02480708 code [0x02480840, 0x02480bc0]

GC Heap History (10 events):
Event: 41.951 GC heap before
{Heap before GC invocations=114 (full 5):
 def new generation   total 29184K, used 28455K [0x04400000, 0x063a0000, 0x19950000)
  eden space 25984K, 100% used [0x04400000, 0x05d60000, 0x05d60000)
  from space 3200K,  77% used [0x05d60000, 0x05fc9c40, 0x06080000)
  to   space 3200K,   0% used [0x06080000, 0x06080000, 0x063a0000)
 tenured generation   total 64460K, used 42733K [0x19950000, 0x1d843000, 0x44400000)
   the space 64460K,  66% used [0x19950000, 0x1c30b520, 0x1c30b600, 0x1d843000)
 Metaspace       used 35528K, capacity 36739K, committed 36864K, reserved 37248K
Event: 41.961 GC heap after
Heap after GC invocations=115 (full 5):
 def new generation   total 29184K, used 665K [0x04400000, 0x063a0000, 0x19950000)
  eden space 25984K,   0% used [0x04400000, 0x04400000, 0x05d60000)
  from space 3200K,  20% used [0x06080000, 0x061264f0, 0x063a0000)
  to   space 3200K,   0% used [0x05d60000, 0x05d60000, 0x06080000)
 tenured generation   total 64460K, used 44100K [0x19950000, 0x1d843000, 0x44400000)
   the space 64460K,  68% used [0x19950000, 0x1c461098, 0x1c461200, 0x1d843000)
 Metaspace       used 35528K, capacity 36739K, committed 36864K, reserved 37248K
}
Event: 42.628 GC heap before
{Heap before GC invocations=115 (full 5):
 def new generation   total 29184K, used 26649K [0x04400000, 0x063a0000, 0x19950000)
  eden space 25984K, 100% used [0x04400000, 0x05d60000, 0x05d60000)
  from space 3200K,  20% used [0x06080000, 0x061264f0, 0x063a0000)
  to   space 3200K,   0% used [0x05d60000, 0x05d60000, 0x06080000)
 tenured generation   total 64460K, used 44100K [0x19950000, 0x1d843000, 0x44400000)
   the space 64460K,  68% used [0x19950000, 0x1c461098, 0x1c461200, 0x1d843000)
 Metaspace       used 35548K, capacity 36751K, committed 36864K, reserved 37248K
Event: 42.635 GC heap after
Heap after GC invocations=116 (full 5):
 def new generation   total 29184K, used 1363K [0x04400000, 0x063a0000, 0x19950000)
  eden space 25984K,   0% used [0x04400000, 0x04400000, 0x05d60000)
  from space 3200K,  42% used [0x05d60000, 0x05eb4e90, 0x06080000)
  to   space 3200K,   0% used [0x06080000, 0x06080000, 0x063a0000)
 tenured generation   total 64460K, used 44100K [0x19950000, 0x1d843000, 0x44400000)
   the space 64460K,  68% used [0x19950000, 0x1c461098, 0x1c461200, 0x1d843000)
 Metaspace       used 35548K, capacity 36751K, committed 36864K, reserved 37248K
}
Event: 43.406 GC heap before
{Heap before GC invocations=116 (full 5):
 def new generation   total 29184K, used 27347K [0x04400000, 0x063a0000, 0x19950000)
  eden space 25984K, 100% used [0x04400000, 0x05d60000, 0x05d60000)
  from space 3200K,  42% used [0x05d60000, 0x05eb4e90, 0x06080000)
  to   space 3200K,   0% used [0x06080000, 0x06080000, 0x063a0000)
 tenured generation   total 64460K, used 44100K [0x19950000, 0x1d843000, 0x44400000)
   the space 64460K,  68% used [0x19950000, 0x1c461098, 0x1c461200, 0x1d843000)
 Metaspace       used 35548K, capacity 36751K, committed 36864K, reserved 37248K
Event: 43.411 GC heap after
Heap after GC invocations=117 (full 5):
 def new generation   total 29184K, used 1342K [0x04400000, 0x063a0000, 0x19950000)
  eden space 25984K,   0% used [0x04400000, 0x04400000, 0x05d60000)
  from space 3200K,  41% used [0x06080000, 0x061cfb98, 0x063a0000)
  to   space 3200K,   0% used [0x05d60000, 0x05d60000, 0x06080000)
 tenured generation   total 64460K, used 44100K [0x19950000, 0x1d843000, 0x44400000)
   the space 64460K,  68% used [0x19950000, 0x1c461098, 0x1c461200, 0x1d843000)
 Metaspace       used 35548K, capacity 36751K, committed 36864K, reserved 37248K
}
Event: 44.492 GC heap before
{Heap before GC invocations=117 (full 5):
 def new generation   total 29184K, used 27326K [0x04400000, 0x063a0000, 0x19950000)
  eden space 25984K, 100% used [0x04400000, 0x05d60000, 0x05d60000)
  from space 3200K,  41% used [0x06080000, 0x061cfb98, 0x063a0000)
  to   space 3200K,   0% used [0x05d60000, 0x05d60000, 0x06080000)
 tenured generation   total 64460K, used 44100K [0x19950000, 0x1d843000, 0x44400000)
   the space 64460K,  68% used [0x19950000, 0x1c461098, 0x1c461200, 0x1d843000)
 Metaspace       used 35988K, capacity 37210K, committed 37248K, reserved 37248K
Event: 44.511 GC heap after
Heap after GC invocations=118 (full 5):
 def new generation   total 29184K, used 3200K [0x04400000, 0x063a0000, 0x19950000)
  eden space 25984K,   0% used [0x04400000, 0x04400000, 0x05d60000)
  from space 3200K, 100% used [0x05d60000, 0x06080000, 0x06080000)
  to   space 3200K,   0% used [0x06080000, 0x06080000, 0x063a0000)
 tenured generation   total 64460K, used 44641K [0x19950000, 0x1d843000, 0x44400000)
   the space 64460K,  69% used [0x19950000, 0x1c4e8690, 0x1c4e8800, 0x1d843000)
 Metaspace       used 35988K, capacity 37210K, committed 37248K, reserved 37248K
}
Event: 46.893 GC heap before
{Heap before GC invocations=118 (full 5):
 def new generation   total 29184K, used 29184K [0x04400000, 0x063a0000, 0x19950000)
  eden space 25984K, 100% used [0x04400000, 0x05d60000, 0x05d60000)
  from space 3200K, 100% used [0x05d60000, 0x06080000, 0x06080000)
  to   space 3200K,   0% used [0x06080000, 0x06080000, 0x063a0000)
 tenured generation   total 64460K, used 44641K [0x19950000, 0x1d843000, 0x44400000)
   the space 64460K,  69% used [0x19950000, 0x1c4e8690, 0x1c4e8800, 0x1d843000)
 Metaspace       used 36091K, capacity 37341K, committed 37376K, reserved 38272K
Event: 46.916 GC heap after
Heap after GC invocations=119 (full 5):
 def new generation   total 29184K, used 2001K [0x04400000, 0x063a0000, 0x19950000)
  eden space 25984K,   0% used [0x04400000, 0x04400000, 0x05d60000)
  from space 3200K,  62% used [0x06080000, 0x06274468, 0x063a0000)
  to   space 3200K,   0% used [0x05d60000, 0x05d60000, 0x06080000)
 tenured generation   total 64460K, used 47731K [0x19950000, 0x1d843000, 0x44400000)
   the space 64460K,  74% used [0x19950000, 0x1c7ecdf8, 0x1c7ece00, 0x1d843000)
 Metaspace       used 36091K, capacity 37341K, committed 37376K, reserved 38272K
}

Deoptimization events (0 events):
No events

Internal exceptions (10 events):
Event: 44.084 Thread 0x49ad5800 Exception <a 'java/lang/NoSuchMethodError': <clinit>> (0x055d5cc0) thrown at [C:\re\workspace\8-2-build-windows-i586-cygwin\jdk8u131\8869\hotspot\src\share\vm\prims\jni.cpp, line 1613]
Event: 44.085 Thread 0x49ad5800 Exception <a 'java/lang/NoSuchMethodError': <clinit>> (0x055e0300) thrown at [C:\re\workspace\8-2-build-windows-i586-cygwin\jdk8u131\8869\hotspot\src\share\vm\prims\jni.cpp, line 1613]
Event: 44.098 Thread 0x49ad5800 Exception <a 'java/lang/NoSuchMethodError': <clinit>> (0x05636f40) thrown at [C:\re\workspace\8-2-build-windows-i586-cygwin\jdk8u131\8869\hotspot\src\share\vm\prims\jni.cpp, line 1613]
Event: 44.099 Thread 0x49ad5800 Exception <a 'java/lang/NoSuchMethodError': <clinit>> (0x056490b8) thrown at [C:\re\workspace\8-2-build-windows-i586-cygwin\jdk8u131\8869\hotspot\src\share\vm\prims\jni.cpp, line 1613]
Event: 44.099 Thread 0x49ad5800 Exception <a 'java/lang/NoSuchMethodError': <clinit>> (0x0564a758) thrown at [C:\re\workspace\8-2-build-windows-i586-cygwin\jdk8u131\8869\hotspot\src\share\vm\prims\jni.cpp, line 1613]
Event: 46.848 Thread 0x49ad5800 Exception <a 'java/lang/NoSuchMethodError': <clinit>> (0x05d03f50) thrown at [C:\re\workspace\8-2-build-windows-i586-cygwin\jdk8u131\8869\hotspot\src\share\vm\prims\jni.cpp, line 1613]
Event: 46.850 Thread 0x49ad5800 Exception <a 'java/lang/NoSuchMethodError': <clinit>> (0x05d19318) thrown at [C:\re\workspace\8-2-build-windows-i586-cygwin\jdk8u131\8869\hotspot\src\share\vm\prims\jni.cpp, line 1613]
Event: 47.228 Thread 0x49ad5800 Exception <a 'java/lang/ArrayIndexOutOfBoundsException'> (0x046f7068) thrown at [C:\re\workspace\8-2-build-windows-i586-cygwin\jdk8u131\8869\hotspot\src\share\vm\runtime\sharedRuntime.cpp, line 605]
Event: 47.312 Thread 0x49ad5800 Exception <a 'java/lang/ArrayIndexOutOfBoundsException'> (0x047e5650) thrown at [C:\re\workspace\8-2-build-windows-i586-cygwin\jdk8u131\8869\hotspot\src\share\vm\runtime\sharedRuntime.cpp, line 605]
Event: 47.816 Thread 0x49ad5800 Exception <a 'sun/nio/fs/WindowsException'> (0x04924350) thrown at [C:\re\workspace\8-2-build-windows-i586-cygwin\jdk8u131\8869\hotspot\src\share\vm\prims\jni.cpp, line 709]

Events (10 events):
Event: 48.027 loading class com/google/common/collect/Iterables$4
Event: 48.027 loading class com/google/common/collect/Iterables$4 done
Event: 48.028 loading class com/android/tools/aapt2/Aapt2Result
Event: 48.028 loading class com/android/tools/aapt2/Aapt2Result done
Event: 48.029 loading class com/android/tools/aapt2/Aapt2Result$Builder
Event: 48.029 loading class com/android/tools/aapt2/Aapt2Result$Builder done
Event: 48.029 loading class com/android/tools/aapt2/AutoValue_Aapt2Result$Builder
Event: 48.029 loading class com/android/tools/aapt2/AutoValue_Aapt2Result$Builder done
Event: 48.030 loading class com/android/tools/aapt2/AutoValue_Aapt2Result
Event: 48.030 loading class com/android/tools/aapt2/AutoValue_Aapt2Result done


Dynamic libraries:
0x00230000 - 0x00263000 	C:\Program Files (x86)\Java\jdk1.8.0_131\bin\java.exe
0x77ac0000 - 0x77c43000 	C:\WINDOWS\SYSTEM32\ntdll.dll
0x753a0000 - 0x75480000 	C:\WINDOWS\System32\KERNEL32.DLL
0x74700000 - 0x748a1000 	C:\WINDOWS\System32\KERNELBASE.dll
0x661d0000 - 0x661ff000 	C:\Program Files (x86)\AVG\Antivirus\aswhookx.dll
0x6e110000 - 0x6e1a2000 	C:\WINDOWS\system32\apphelp.dll
0x75e30000 - 0x75ea7000 	C:\WINDOWS\System32\ADVAPI32.dll
0x779a0000 - 0x77a5e000 	C:\WINDOWS\System32\msvcrt.dll
0x74c90000 - 0x74cd1000 	C:\WINDOWS\System32\sechost.dll
0x77330000 - 0x773f1000 	C:\WINDOWS\System32\RPCRT4.dll
0x74560000 - 0x7457e000 	C:\WINDOWS\System32\SspiCli.dll
0x74550000 - 0x7455a000 	C:\WINDOWS\System32\CRYPTBASE.dll
0x75db0000 - 0x75e0a000 	C:\WINDOWS\System32\bcryptPrimitives.dll
0x74940000 - 0x74a9f000 	C:\WINDOWS\System32\USER32.dll
0x75e10000 - 0x75e25000 	C:\WINDOWS\System32\win32u.dll
0x75280000 - 0x752ab000 	C:\WINDOWS\System32\GDI32.dll
0x75ac0000 - 0x75c1a000 	C:\WINDOWS\System32\gdi32full.dll
0x715d0000 - 0x717da000 	C:\WINDOWS\WinSxS\x86_microsoft.windows.common-controls_6595b64144ccf1df_6.0.14393.953_none_89c2555adb023171\COMCTL32.dll
0x756d0000 - 0x758e1000 	C:\WINDOWS\System32\combase.dll
0x77460000 - 0x77540000 	C:\WINDOWS\System32\ucrtbase.dll
0x75ec0000 - 0x75ee5000 	C:\WINDOWS\System32\IMM32.DLL
0x71870000 - 0x7192f000 	C:\Program Files (x86)\Java\jdk1.8.0_131\jre\bin\msvcr100.dll
0x67e50000 - 0x6821e000 	C:\Program Files (x86)\Java\jdk1.8.0_131\jre\bin\client\jvm.dll
0x748b0000 - 0x748b6000 	C:\WINDOWS\System32\PSAPI.DLL
0x74300000 - 0x74308000 	C:\WINDOWS\SYSTEM32\WSOCK32.dll
0x75a30000 - 0x75a93000 	C:\WINDOWS\System32\WS2_32.dll
0x702f0000 - 0x70314000 	C:\WINDOWS\SYSTEM32\WINMM.dll
0x74540000 - 0x74548000 	C:\WINDOWS\SYSTEM32\VERSION.dll
0x6fa70000 - 0x6fa93000 	C:\WINDOWS\SYSTEM32\WINMMBASE.dll
0x746c0000 - 0x746f6000 	C:\WINDOWS\System32\cfgmgr32.dll
0x6f4b0000 - 0x6f4bc000 	C:\Program Files (x86)\Java\jdk1.8.0_131\jre\bin\verify.dll
0x6de60000 - 0x6de81000 	C:\Program Files (x86)\Java\jdk1.8.0_131\jre\bin\java.dll
0x6f490000 - 0x6f4a3000 	C:\Program Files (x86)\Java\jdk1.8.0_131\jre\bin\zip.dll
0x75f50000 - 0x77328000 	C:\WINDOWS\System32\SHELL32.dll
0x74cf0000 - 0x7525e000 	C:\WINDOWS\System32\windows.storage.dll
0x74ac0000 - 0x74b05000 	C:\WINDOWS\System32\powrprof.dll
0x755f0000 - 0x75636000 	C:\WINDOWS\System32\shlwapi.dll
0x75990000 - 0x7599d000 	C:\WINDOWS\System32\kernel.appcore.dll
0x75640000 - 0x756c8000 	C:\WINDOWS\System32\shcore.dll
0x75eb0000 - 0x75ebf000 	C:\WINDOWS\System32\profapi.dll
0x6df20000 - 0x6df36000 	C:\Program Files (x86)\Java\jdk1.8.0_131\jre\bin\net.dll
0x729a0000 - 0x729ee000 	C:\WINDOWS\system32\mswsock.dll
0x6f3a0000 - 0x6f3af000 	C:\Program Files (x86)\Java\jdk1.8.0_131\jre\bin\nio.dll
0x6de40000 - 0x6de59000 	C:\Users\MSI\.gradle\native\25\windows-i386\native-platform.dll
0x6e1b0000 - 0x6e1ba000 	C:\Program Files (x86)\Java\jdk1.8.0_131\jre\bin\management.dll
0x73840000 - 0x73853000 	C:\WINDOWS\SYSTEM32\CRYPTSP.dll
0x73810000 - 0x7383f000 	C:\WINDOWS\system32\rsaenh.dll
0x737f0000 - 0x7380b000 	C:\WINDOWS\SYSTEM32\bcrypt.dll
0x72bf0000 - 0x72c0a000 	C:\WINDOWS\SYSTEM32\USERENV.dll
0x73d00000 - 0x73d2f000 	C:\WINDOWS\SYSTEM32\IPHLPAPI.DLL
0x74ab0000 - 0x74ab7000 	C:\WINDOWS\System32\NSI.dll
0x71530000 - 0x71543000 	C:\WINDOWS\SYSTEM32\dhcpcsvc6.DLL
0x71460000 - 0x71474000 	C:\WINDOWS\SYSTEM32\dhcpcsvc.DLL
0x64b40000 - 0x64b58000 	C:\Users\MSI\AppData\Local\Temp\aapt2_441378139302237507\libwinpthread-1.dll
0x63940000 - 0x63c05000 	C:\Users\MSI\AppData\Local\Temp\aapt2_441378139302237507\libaapt2_jni.dll
0x73940000 - 0x73a85000 	C:\WINDOWS\SYSTEM32\dbghelp.dll

VM Arguments:
jvm_args: -XX:+HeapDumpOnOutOfMemoryError -Xmx1024m -Dfile.encoding=windows-1252 -Duser.country=DE -Duser.language=de -Duser.variant 
java_command: org.gradle.launcher.daemon.bootstrap.GradleDaemon 4.1
java_class_path (initial): C:\Users\MSI\.gradle\wrapper\dists\gradle-4.1-all\bzyivzo6n839fup2jbap0tjew\gradle-4.1\lib\gradle-launcher-4.1.jar
Launcher Type: SUN_STANDARD

Environment Variables:
PATH=C:\ProgramData\Oracle\Java\javapath;C:\Program Files\Common Files\Microsoft Shared\Windows Live;C:\Program Files (x86)\Common Files\Microsoft Shared\Windows Live;C:\windows\system32;C:\windows;C:\windows\System32\Wbem;C:\windows\System32\WindowsPowerShell\v1.0\;C:\Program Files (x86)\Windows Live\Shared;C:\Program Files (x86)\NVIDIA Corporation\PhysX\Common;C:\WINDOWS\system32;C:\WINDOWS;C:\WINDOWS\System32\Wbem;C:\WINDOWS\System32\WindowsPowerShell\v1.0\;C:\Program Files (x86)\Skype\Phone\;C:\Program Files\nodejs\;C:\Program Files (x86)\Windows Kits\8.1\Windows Performance Toolkit\;C:\Users\MSI\AppData\Local\Programs\Python\Python36-32;C:\Users\MSI\AppData\Local\Programs\Python\Python36-32\Lib;C:\Users\MSI\AppData\Local\Programs\Python\Python36-32\libs;C:\Users\MSI\AppData\Local\Programs\Python\Python36-32\Scripts;C:\Program Files\PuTTY\;C:\Program Files\TortoiseGit\bin;C:\Program Files\Git\cmd;C:\Users\MSI\AppData\Local\Microsoft\WindowsApps;C:\Users\MSI\AppData\Local\.meteor\;C:\Users\MSI\AppData\Roaming\npm;C:\Users\MSI\AppData\Local\Programs\Python\Python36-32;C:\Users\MSI\AppData\Local\Programs\Python\Python36-32\Scripts;C:\Users\MSI\AppData\Local\Programs\Python\Python36-32\libs;C:\Users\MSI\AppData\Local\Programs\Python\Python36-32\Lib;C:\Program Files\Heroku\bin
USERNAME=MSI
OS=Windows_NT
PROCESSOR_IDENTIFIER=Intel64 Family 6 Model 42 Stepping 7, GenuineIntel



---------------  S Y S T E M  ---------------

OS: Windows 10.0 , 64 bit Build 14393 (10.0.14393.1198)

CPU:total 8 (initial active 8) (4 cores per cpu, 2 threads per core) family 6 model 42 stepping 7, cmov, cx8, fxsr, mmx, sse, sse2, sse3, ssse3, sse4.1, sse4.2, popcnt, avx, aes, clmul, ht, tsc, tscinvbit

Memory: 4k page, physical 16754096k(13166468k free), swap 33531312k(29894324k free)

vm_info: Java HotSpot(TM) Client VM (25.131-b11) for windows-x86 JRE (1.8.0_131-b11), built on Mar 15 2017 01:26:29 by "java_re" with MS VC++ 10.0 (VS2010)

time: Sun Sep 24 16:44:58 2017
elapsed time: 48 seconds (0d 0h 0m 48s)

